#
# A fatal error has been detected by the Java Runtime Environment:
#
#  EXCEPTION_ACCESS_VIOLATION (0xc0000005) at pc=0x00000000655a82e4, pid=13072, tid=876
#
# JRE version: 6.0_34-b04
# Java VM: Java HotSpot(TM) 64-Bit Server VM (20.9-b04 mixed mode windows-amd64 compressed oops)
# Problematic frame:
# C  [gdx64.dll+0x282e4]
#
# If you would like to submit a bug report, please visit:
#   http://java.sun.com/webapps/bugreport/crash.jsp
# The crash happened outside the Java Virtual Machine in native code.
# See problematic frame for where to report the bug.
#

---------------  T H R E A D  ---------------

Current thread (0x0000000006802000):  JavaThread "LWJGL Application" [_thread_in_native, id=876, stack(0x0000000009340000,0x0000000009440000)]

siginfo: ExceptionCode=0xc0000005, reading address 0x0000000000000008

Registers:
RAX=0x0000000000000000, RBX=0x000000077c97fcc8, RCX=0x00000000068021d0, RDX=0x000000000943f4e8
RSP=0x000000000943f438, RBP=0x000000000943f4b8, RSI=0x00000000ef92deb5, RDI=0x00000000025e599a
R8 =0x000000000dd2b0c0, R9 =0x000000077c970680, R10=0x00000000025f79b2, R11=0x000000006da02810
R12=0x0000000000000000, R13=0x000000077c97fcc8, R14=0x000000000943f4e8, R15=0x0000000006802000
RIP=0x00000000655a82e4, EFLAGS=0x0000000000010283

Top of Stack: (sp=0x000000000943f438)
0x000000000943f438:   00000000025f79df 0000000040ad1261
0x000000000943f448:   00000007d63cfcc8 000000000943f450
0x000000000943f458:   000000077c826f4b 000000000943f4c0
0x000000000943f468:   000000077c82b6d0 0000000000000000
0x000000000943f478:   000000000943f478 0000000000000000
0x000000000943f488:   000000000943f4e8 000000077c985fe8
0x000000000943f498:   0000000000000000 000000077c97fcc8
0x000000000943f4a8:   0000000000000000 000000000943f4d8
0x000000000943f4b8:   000000000943f530 00000000025e5aae
0x000000000943f4c8:   0000000000000000 00000000025f2cd6
0x000000000943f4d8:   000000000dd2b0c0 000000077c81f848
0x000000000943f4e8:   00000007d65f0548 000000000943f4f0
0x000000000943f4f8:   000000077c97fb95 000000000943f548
0x000000000943f508:   000000077c985fe8 0000000000000000
0x000000000943f518:   000000077c97fbf8 000000000943f4d8
0x000000000943f528:   000000000943f548 000000000943f590 

Instructions: (pc=0x00000000655a82e4)
0x00000000655a82c4:   41 89 40 04 48 8b 03 4c 8b 90 f8 06 00 00 48 83
0x00000000655a82d4:   c4 20 5b 5e 5f 49 ff e2 90 90 90 90 49 8b 40 18
0x00000000655a82e4:   8b 50 08 b8 ff ff ff ff 83 fa 03 77 0a 48 8d 05
0x00000000655a82f4:   a8 34 03 00 8b 04 90 f3 c3 0f 1f 00 49 8b 40 18 


Register to memory mapping:

RAX=0x0000000000000000 is an unknown value
RBX=0x000000077c97fcc8 is an oop
{method} 
 - klass: {other class}
RCX=0x00000000068021d0 is an unknown value
RDX=0x000000000943f4e8 is pointing into the stack for thread: 0x0000000006802000
RSP=0x000000000943f438 is pointing into the stack for thread: 0x0000000006802000
RBP=0x000000000943f4b8 is pointing into the stack for thread: 0x0000000006802000
RSI=0x00000000ef92deb5 is an unknown value
RDI=0x00000000025e599a is an Interpreter codelet
return entry points  [0x00000000025e5280, 0x00000000025e6840]  5568 bytes
R8 =0x000000000dd2b0c0 is an unknown value
R9 =0x000000077c970680 is an oop
{instance class} 
 - klass: {other class}
R10=0x00000000025f79b2 is an Interpreter codelet
method entry point (kind = native)  [0x00000000025f74c0, 0x00000000025f8380]  3776 bytes
R11=0x000000006da02810 is an unknown value
R12=0x0000000000000000 is an unknown value
R13=0x000000077c97fcc8 is an oop
{method} 
 - klass: {other class}
R14=0x000000000943f4e8 is pointing into the stack for thread: 0x0000000006802000
R15=0x0000000006802000 is a thread


Stack: [0x0000000009340000,0x0000000009440000],  sp=0x000000000943f438,  free space=1021k
Native frames: (J=compiled Java code, j=interpreted, Vv=VM code, C=native code)
C  [gdx64.dll+0x282e4]  Java_com_badlogic_gdx_physics_box2d_Fixture_jniGetType+0x4
j  com.badlogic.gdx.physics.box2d.Fixture.getType()Lcom/badlogic/gdx/physics/box2d/Shape$Type;+5
j  com.badlogic.gdx.physics.box2d.Box2DDebugRenderer.drawShape(Lcom/badlogic/gdx/physics/box2d/Fixture;Lcom/badlogic/gdx/physics/box2d/Transform;Lcom/badlogic/gdx/graphics/Color;)V+1
j  com.badlogic.gdx.physics.box2d.Box2DDebugRenderer.renderBody(Lcom/badlogic/gdx/physics/box2d/Body;)V+147
j  com.badlogic.gdx.physics.box2d.Box2DDebugRenderer.renderBodies(Lcom/badlogic/gdx/physics/box2d/World;)V+64
j  com.badlogic.gdx.physics.box2d.Box2DDebugRenderer.render(Lcom/badlogic/gdx/physics/box2d/World;Lcom/badlogic/gdx/math/Matrix4;)V+10
j  com.perfectplay.org.Anastasius.render()V+117
j  com.badlogic.gdx.backends.lwjgl.LwjglApplication.mainLoop()V+491
j  com.badlogic.gdx.backends.lwjgl.LwjglApplication$1.run()V+27
v  ~StubRoutines::call_stub
V  [jvm.dll+0x1e9ee7]

Java frames: (J=compiled Java code, j=interpreted, Vv=VM code)
j  com.badlogic.gdx.physics.box2d.Fixture.jniGetType(J)I+0
j  com.badlogic.gdx.physics.box2d.Fixture.getType()Lcom/badlogic/gdx/physics/box2d/Shape$Type;+5
j  com.badlogic.gdx.physics.box2d.Box2DDebugRenderer.drawShape(Lcom/badlogic/gdx/physics/box2d/Fixture;Lcom/badlogic/gdx/physics/box2d/Transform;Lcom/badlogic/gdx/graphics/Color;)V+1
j  com.badlogic.gdx.physics.box2d.Box2DDebugRenderer.renderBody(Lcom/badlogic/gdx/physics/box2d/Body;)V+147
j  com.badlogic.gdx.physics.box2d.Box2DDebugRenderer.renderBodies(Lcom/badlogic/gdx/physics/box2d/World;)V+64
j  com.badlogic.gdx.physics.box2d.Box2DDebugRenderer.render(Lcom/badlogic/gdx/physics/box2d/World;Lcom/badlogic/gdx/math/Matrix4;)V+10
j  com.perfectplay.org.Anastasius.render()V+117
j  com.badlogic.gdx.backends.lwjgl.LwjglApplication.mainLoop()V+491
j  com.badlogic.gdx.backends.lwjgl.LwjglApplication$1.run()V+27
v  ~StubRoutines::call_stub

---------------  P R O C E S S  ---------------

Java Threads: ( => current thread )
  0x000000000002c800 JavaThread "DestroyJavaVM" [_thread_blocked, id=6480, stack(0x00000000024e0000,0x00000000025e0000)]
=>0x0000000006802000 JavaThread "LWJGL Application" [_thread_in_native, id=876, stack(0x0000000009340000,0x0000000009440000)]
  0x00000000066fd000 JavaThread "Low Memory Detector" daemon [_thread_blocked, id=3692, stack(0x0000000008390000,0x0000000008490000)]
  0x00000000066f8800 JavaThread "C2 CompilerThread1" daemon [_thread_blocked, id=8740, stack(0x0000000008290000,0x0000000008390000)]
  0x00000000066f6800 JavaThread "C2 CompilerThread0" daemon [_thread_blocked, id=9900, stack(0x0000000008190000,0x0000000008290000)]
  0x00000000066e7800 JavaThread "JDWP Command Reader" daemon [_thread_in_native, id=10408, stack(0x0000000008090000,0x0000000008190000)]
  0x00000000066e0800 JavaThread "JDWP Event Helper Thread" daemon [_thread_blocked, id=10288, stack(0x0000000007ec0000,0x0000000007fc0000)]
  0x00000000066da800 JavaThread "JDWP Transport Listener: dt_socket" daemon [_thread_blocked, id=6240, stack(0x0000000007c90000,0x0000000007d90000)]
  0x00000000066ce000 JavaThread "Attach Listener" daemon [_thread_blocked, id=5892, stack(0x00000000074c0000,0x00000000075c0000)]
  0x00000000066cb000 JavaThread "Signal Dispatcher" daemon [_thread_blocked, id=12068, stack(0x00000000073c0000,0x00000000074c0000)]
  0x0000000006673800 JavaThread "Finalizer" daemon [_thread_blocked, id=9892, stack(0x00000000072c0000,0x00000000073c0000)]
  0x0000000006672800 JavaThread "Reference Handler" daemon [_thread_blocked, id=9468, stack(0x00000000071c0000,0x00000000072c0000)]

Other Threads:
  0x0000000006669000 VMThread [stack: 0x00000000070c0000,0x00000000071c0000] [id=11332]
  0x000000000671b800 WatcherThread [stack: 0x0000000008490000,0x0000000008590000] [id=13184]

VM state:not at safepoint (normal execution)

VM Mutex/Monitor currently owned by a thread: None

Heap
 PSYoungGen      total 37824K, used 10452K [0x00000007d5c00000, 0x00000007d8630000, 0x0000000800000000)
  eden space 32448K, 32% used [0x00000007d5c00000,0x00000007d6635238,0x00000007d7bb0000)
  from space 5376K, 0% used [0x00000007d80f0000,0x00000007d80f0000,0x00000007d8630000)
  to   space 5376K, 0% used [0x00000007d7bb0000,0x00000007d7bb0000,0x00000007d80f0000)
 PSOldGen        total 86528K, used 0K [0x0000000781400000, 0x0000000786880000, 0x00000007d5c00000)
  object space 86528K, 0% used [0x0000000781400000,0x0000000781400000,0x0000000786880000)
 PSPermGen       total 21248K, used 7752K [0x000000077c200000, 0x000000077d6c0000, 0x0000000781400000)
  object space 21248K, 36% used [0x000000077c200000,0x000000077c992080,0x000000077d6c0000)

Code Cache  [0x00000000025e0000, 0x0000000002850000, 0x00000000055e0000)
 total_blobs=404 nmethods=29 adapters=337 free_code_cache=49773440 largest_free_block=11968

Dynamic libraries:
0x0000000000400000 - 0x000000000042f000 	C:\Program Files\Java\jre6\bin\javaw.exe
0x0000000077580000 - 0x0000000077729000 	C:\Windows\SYSTEM32\ntdll.dll
0x0000000077460000 - 0x000000007757f000 	C:\Windows\system32\kernel32.dll
0x000007fefd440000 - 0x000007fefd4ab000 	C:\Windows\system32\KERNELBASE.dll
0x000007feff4a0000 - 0x000007feff57b000 	C:\Windows\system32\ADVAPI32.dll
0x000007feff380000 - 0x000007feff41f000 	C:\Windows\system32\msvcrt.dll
0x000007fefd790000 - 0x000007fefd7af000 	C:\Windows\SYSTEM32\sechost.dll
0x000007feff760000 - 0x000007feff88d000 	C:\Windows\system32\RPCRT4.dll
0x0000000077360000 - 0x000000007745a000 	C:\Windows\system32\USER32.dll
0x000007feff6a0000 - 0x000007feff707000 	C:\Windows\system32\GDI32.dll
0x000007fefee10000 - 0x000007fefee1e000 	C:\Windows\system32\LPK.dll
0x000007fefd7b0000 - 0x000007fefd879000 	C:\Windows\system32\USP10.dll
0x000007feff120000 - 0x000007feff14e000 	C:\Windows\system32\IMM32.DLL
0x000007feff1f0000 - 0x000007feff2f9000 	C:\Windows\system32\MSCTF.dll
0x000007fefd320000 - 0x000007fefd360000 	C:\Windows\system32\nvinitx.dll
0x000000000f000000 - 0x000000000f006000 	C:\Program Files\NVIDIA Corporation\CoProcManager\_etoured.dll
0x000007fef9af0000 - 0x000007fef9b44000 	C:\Program Files\NVIDIA Corporation\CoProcManager\nvd3d9wrapx.dll
0x000007fefdea0000 - 0x000007fefe077000 	C:\Windows\system32\SETUPAPI.dll
0x000007fefd630000 - 0x000007fefd666000 	C:\Windows\system32\CFGMGR32.dll
0x000007fefee30000 - 0x000007fefef07000 	C:\Windows\system32\OLEAUT32.dll
0x000007fefef10000 - 0x000007feff113000 	C:\Windows\system32\ole32.dll
0x000007fefd410000 - 0x000007fefd42a000 	C:\Windows\system32\DEVOBJ.dll
0x000007fef9a00000 - 0x000007fef9a43000 	C:\Program Files\NVIDIA Corporation\CoProcManager\nvdxgiwrapx.dll
0x000000006d800000 - 0x000000006dfb9000 	C:\Program Files\Java\jre6\bin\server\jvm.dll
0x000007fefac10000 - 0x000007fefac4b000 	C:\Windows\system32\WINMM.dll
0x000000006d770000 - 0x000000006d77e000 	C:\Program Files\Java\jre6\bin\verify.dll
0x000000006d3b0000 - 0x000000006d3d7000 	C:\Program Files\Java\jre6\bin\java.dll
0x000000006d420000 - 0x000000006d454000 	C:\Program Files\Java\jre6\bin\jdwp.dll
0x000000006d640000 - 0x000000006d648000 	C:\Program Files\Java\jre6\bin\npt.dll
0x000000006d7c0000 - 0x000000006d7d2000 	C:\Program Files\Java\jre6\bin\zip.dll
0x000000006d270000 - 0x000000006d279000 	C:\Program Files\Java\jre6\bin\dt_socket.dll
0x000007feff710000 - 0x000007feff75d000 	C:\Windows\system32\WS2_32.dll
0x000007fefee20000 - 0x000007fefee28000 	C:\Windows\system32\NSI.dll
0x000007fefbde0000 - 0x000007fefbdf5000 	C:\Windows\system32\NLAapi.dll
0x000007fef65e0000 - 0x000007fef65f5000 	C:\Windows\system32\napinsp.dll
0x000007fef6320000 - 0x000007fef6339000 	C:\Windows\system32\pnrpnsp.dll
0x000007fef65d0000 - 0x000007fef65e0000 	C:\Windows\system32\wshbth.dll
0x0000000071a70000 - 0x0000000071a96000 	C:\Program Files\Bonjour\mdnsNSP.dll
0x000007fefbc60000 - 0x000007fefbc87000 	C:\Windows\system32\Iphlpapi.DLL
0x000007fefbc50000 - 0x000007fefbc5b000 	C:\Windows\system32\WINNSI.DLL
0x0000000071a40000 - 0x0000000071a6e000 	C:\Program Files\Common Files\Microsoft Shared\Windows Live\WLIDNSP.DLL
0x0000000077750000 - 0x0000000077757000 	C:\Windows\system32\PSAPI.DLL
0x000007feff420000 - 0x000007feff491000 	C:\Windows\system32\SHLWAPI.dll
0x000007fefcb90000 - 0x000007fefcbe5000 	C:\Windows\System32\mswsock.dll
0x000007fefca10000 - 0x000007fefca6b000 	C:\Windows\system32\DNSAPI.dll
0x000007fef6310000 - 0x000007fef631b000 	C:\Windows\System32\winrnr.dll
0x000007fefbae0000 - 0x000007fefbb33000 	C:\Windows\System32\fwpuclnt.dll
0x000007fef79d0000 - 0x000007fef79d8000 	C:\Windows\system32\rasadhlp.dll
0x000007fefc530000 - 0x000007fefc537000 	C:\Windows\System32\wshtcpip.dll
0x0000000065580000 - 0x000000006560d000 	C:\Users\Javi\AppData\Local\Temp\libgdxJavi\123946040\gdx64.dll
0x0000000180000000 - 0x0000000180050000 	C:\Users\Javi\AppData\Local\Temp\libgdxJavi\27538956\lwjgl64.dll
0x000007fef34e0000 - 0x000007fef35fd000 	C:\Windows\system32\OPENGL32.dll
0x000007fef4b20000 - 0x000007fef4b4d000 	C:\Windows\system32\GLU32.dll
0x000007fef48a0000 - 0x000007fef4991000 	C:\Windows\system32\DDRAW.dll
0x000007fef4bf0000 - 0x000007fef4bf8000 	C:\Windows\system32\DCIMAN32.dll
0x000007fefa8a0000 - 0x000007fefa8b8000 	C:\Windows\system32\dwmapi.dll
0x000007fefc460000 - 0x000007fefc46c000 	C:\Windows\system32\VERSION.dll
0x000007fefb550000 - 0x000007fefb744000 	C:\Windows\WinSxS\amd64_microsoft.windows.common-controls_6595b64144ccf1df_6.0.7601.17514_none_fa396087175ac9ac\COMCTL32.dll
0x00000000065c0000 - 0x0000000006622000 	C:\Users\Javi\AppData\Local\Temp\libgdxJavi\27538956\OpenAL64.dll
0x000007fefe080000 - 0x000007fefee08000 	C:\Windows\system32\SHELL32.dll
0x000007fefd250000 - 0x000007fefd25f000 	C:\Windows\system32\CRYPTBASE.dll
0x000007fefb170000 - 0x000007fefb1c6000 	C:\Windows\system32\uxtheme.dll
0x000007feff580000 - 0x000007feff619000 	C:\Windows\system32\CLBCatQ.DLL
0x000007fefc060000 - 0x000007fefc18c000 	C:\Windows\System32\PROPSYS.dll
0x000007fefd6a0000 - 0x000007fefd6d9000 	C:\Windows\system32\WINTRUST.dll
0x000007fefd4b0000 - 0x000007fefd61a000 	C:\Windows\system32\CRYPT32.dll
0x000007fefd400000 - 0x000007fefd40f000 	C:\Windows\system32\MSASN1.dll
0x000007fef3450000 - 0x000007fef34d8000 	C:\Windows\system32\dsound.dll
0x000007fefc1e0000 - 0x000007fefc20c000 	C:\Windows\system32\POWRPROF.dll
0x000007fefc190000 - 0x000007fefc1db000 	C:\Windows\System32\MMDevApi.dll
0x000007fefa8c0000 - 0x000007fefa90f000 	C:\Windows\system32\AUDIOSES.DLL
0x0000000009440000 - 0x000000000a62b000 	C:\Windows\system32\ig4icd64.dll
0x000007fef9a50000 - 0x000007fef9aec000 	C:\Windows\system32\mscms.dll
0x000007fefc670000 - 0x000007fefc68e000 	C:\Windows\system32\USERENV.dll
0x000007fefd360000 - 0x000007fefd36f000 	C:\Windows\system32\profapi.dll
0x000007fef1dd0000 - 0x000007fef1e12000 	C:\Windows\system32\icm32.dll
0x000007fefcbf0000 - 0x000007fefcc07000 	C:\Windows\system32\CRYPTSP.dll
0x000007fefc8f0000 - 0x000007fefc937000 	C:\Windows\system32\rsaenh.dll
0x000000006d610000 - 0x000000006d627000 	C:\Program Files\Java\jre6\bin\net.dll
0x000007fefcb80000 - 0x000007fefcb87000 	C:\Windows\System32\wship6.dll

VM Arguments:
jvm_args: -agentlib:jdwp=transport=dt_socket,suspend=y,address=localhost:47595 -Dfile.encoding=Cp1252 
java_command: com.perfectplay.org.Main
Launcher Type: SUN_STANDARD

Environment Variables:
JAVA_HOME=C:\Program Files\Java\jdk1.7.0_02
PATH=C:\Program Files (x86)\NVIDIA Corporation\PhysX\Common;ommonProgramFiles\Microsoft Shared\Windows Live;C:\Windows\system32;C:\Windows;C:\Windows\System32\Wbem;C:\Windows\System32\WindowsPowerShell\v1.0\;C:\Program Files\Intel\WiFi\bin\;C:\Program Files\Common Files\Intel\WirelessCommon\;E:\Program Files\MATLAB\R2011b\bin;C:\Ant\bin;C:\Program Files\Microsoft\Web Platform Installer\;C:\Program Files (x86)\Microsoft ASP.NET\ASP.NET Web Pages\v1.0\;C:\Program Files (x86)\Windows Kits\8.0\Windows Performance Toolkit\;C:\Program Files\Microsoft SQL Server\110\Tools\Binn\;E:\Program Files\TortoiseSVN\bin;C:\Program Files\Common Files\Microsoft Shared\Windows Live;C:\Program Files\Intel\WiFi\bin\;C:\Program Files\Common Files\Intel\WirelessCommon\
USERNAME=Javi
OS=Windows_NT
PROCESSOR_IDENTIFIER=Intel64 Family 6 Model 42 Stepping 7, GenuineIntel



---------------  S Y S T E M  ---------------

OS: Windows 7 , 64 bit Build 7601 Service Pack 1

CPU:total 8 (4 cores per cpu, 2 threads per core) family 6 model 42 stepping 7, cmov, cx8, fxsr, mmx, sse, sse2, sse3, ssse3, sse4.1, sse4.2, popcnt, ht

Memory: 4k page, physical 8300720k(593460k free), swap 16599580k(7055944k free)

vm_info: Java HotSpot(TM) 64-Bit Server VM (20.9-b04) for windows-amd64 JRE (1.6.0_34-b04), built on Jul 19 2012 00:49:04 by "java_re" with MS VC++ 8.0 (VS2005)

time: Sat Jul 06 00:20:49 2013
elapsed time: 9 seconds

