#
# A fatal error has been detected by the Java Runtime Environment:
#
#  EXCEPTION_ACCESS_VIOLATION (0xc0000005) at pc=0x00000000655a82e4, pid=12300, tid=3324
#
# JRE version: 6.0_34-b04
# Java VM: Java HotSpot(TM) 64-Bit Server VM (20.9-b04 mixed mode windows-amd64 compressed oops)
# Problematic frame:
# C  [gdx64.dll+0x282e4]
#
# If you would like to submit a bug report, please visit:
#   http://java.sun.com/webapps/bugreport/crash.jsp
# The crash happened outside the Java Virtual Machine in native code.
# See problematic frame for where to report the bug.
#

---------------  T H R E A D  ---------------

Current thread (0x00000000067c3000):  JavaThread "LWJGL Application" [_thread_in_native, id=3324, stack(0x0000000008860000,0x0000000008960000)]

siginfo: ExceptionCode=0xc0000005, reading address 0x0000000000000008

Registers:
RAX=0x0000000000000000, RBX=0x000000077c96dec0, RCX=0x00000000067c31d0, RDX=0x000000000895f468
RSP=0x000000000895f3b8, RBP=0x000000000895f438, RSI=0x000000077c96cf70, RDI=0x00000000026758fa
R8 =0x000000000d3401f0, R9 =0x00000000000000dd, R10=0x0000000002681359, R11=0x000000006da02810
R12=0x0000000000000000, R13=0x000000077c96dec0, R14=0x000000000895f468, R15=0x00000000067c3000
RIP=0x00000000655a82e4, EFLAGS=0x0000000000010283

Top of Stack: (sp=0x000000000895f3b8)
0x000000000895f3b8:   0000000002681386 0000000000000007
0x000000000895f3c8:   00000000067c3000 0000000000000015
0x000000000895f3d8:   0000000000000294 0000000000000007
0x000000000895f3e8:   000000077c81cb01 0000000000000000
0x000000000895f3f8:   000000000895f3f8 0000000000000000
0x000000000895f408:   000000000895f468 000000077c974078
0x000000000895f418:   0000000000000000 000000077c96dec0
0x000000000895f428:   0000000000000000 000000000895f458
0x000000000895f438:   000000000895f4b0 0000000002675a0e
0x000000000895f448:   0000000000000000 000000000267e356
0x000000000895f458:   000000000d3401f0 000000000895f510
0x000000000895f468:   00000007d6550d98 000000000895f470
0x000000000895f478:   000000077c96dd8d 000000000895f4c8
0x000000000895f488:   000000077c974078 0000000000000000
0x000000000895f498:   000000077c96ddf0 000000000895f458
0x000000000895f4a8:   000000000895f4c8 000000000895f510 

Instructions: (pc=0x00000000655a82e4)
0x00000000655a82c4:   41 89 40 04 48 8b 03 4c 8b 90 f8 06 00 00 48 83
0x00000000655a82d4:   c4 20 5b 5e 5f 49 ff e2 90 90 90 90 49 8b 40 18
0x00000000655a82e4:   8b 50 08 b8 ff ff ff ff 83 fa 03 77 0a 48 8d 05
0x00000000655a82f4:   a8 34 03 00 8b 04 90 f3 c3 0f 1f 00 49 8b 40 18 


Register to memory mapping:

RAX=0x0000000000000000 is an unknown value
RBX=0x000000077c96dec0 is an oop
{method} 
 - klass: {other class}
RCX=0x00000000067c31d0 is an unknown value
RDX=0x000000000895f468 is pointing into the stack for thread: 0x00000000067c3000
RSP=0x000000000895f3b8 is pointing into the stack for thread: 0x00000000067c3000
RBP=0x000000000895f438 is pointing into the stack for thread: 0x00000000067c3000
RSI=0x000000077c96cf70 is an oop
{constant pool} 
 - klass: {other class}
 - cache: 0x000000077c974078
 -   1 :  : klass_index=47 name_and_type_index=142
 -   2 :  : klass_index=46 name_and_type_index=143
 -   3 :  : 'com/badlogic/gdx/physics/box2d/Filter' {0x7c96cc08}
 -   4 :  : klass_index=3 name_and_type_index=142
 -   5 :  : klass_index=46 name_and_type_index=145
 -   6 :  : klass_index=46 name_and_type_index=146
 -   7 :  : klass_index=46 name_and_type_index=147
 -   8 :  : klass_index=46 name_and_type_index=148
 -   9 :  : klass_index=46 name_and_type_index=149
 -  10 :  : klass_index=46 name_and_type_index=150
 -  11 :  : klass_index=69 name_and_type_index=151
 -  12 :  : klass_index=69 name_and_type_index=152
 -  13 :  : klass_index=69 name_and_type_index=153
 -  14 :  : klass_index=69 name_and_type_index=154
 -  15 :  : 'com/badlogic/gdx/utils/GdxRuntimeException'
 -  16 :  : "Unknown shape type!" {0x7c97fe08}
 -  17 :  : klass_index=15 name_and_type_index=157
 -  18 :  : klass_index=46 name_and_type_index=158
 -  19 :  : "Null shape address!" {0x7c97fe60}
 -  20 :  : klass_index=160 name_and_type_index=150
 -  21 :  : 'com/badlogic/gdx/physics/box2d/CircleShape'
 -  22 :  : klass_index=21 name_and_type_index=162
 -  23 :  : 'com/badlogic/gdx/physics/box2d/EdgeShape'
 -  24 :  : klass_index=23 name_and_type_index=162
 -  25 :  : 'com/badlogic/gdx/physics/box2d/PolygonShape' {0x7c95da38}
 -  26 :  : klass_index=25 name_and_type_index=162
 -  27 :  : 'com/badlogic/gdx/physics/box2d/ChainShape'
 -  28 :  : klass_index=27 name_and_type_index=162
 -  29 :  : klass_index=46 name_and_type_index=166
 -  30 :  : klass_index=46 name_and_type_index=167
 -  31 :  : klass_index=3 name_and_type_index=168
 -  32 :  : klass_index=3 name_and_type_index=169
 -  33 :  : klass_index=3 name_and_type_index=170
 -  34 :  : klass_index=46 name_and_type_index=171
 -  35 :  : klass_index=46 name_and_type_index=172
 -  36 :  : klass_index=46 name_and_type_index=173
 -  37 :  : klass_index=174 name_and_type_index=175
 -  38 :  : klass_index=174 name_and_type_index=176
 -  39 :  : klass_index=46 name_and_type_index=177
 -  40 :  : klass_index=46 name_and_type_index=178
 -  41 :  : klass_index=46 name_and_type_index=179
 -  42 :  : klass_index=46 name_and_type_index=180
 -  43 :  : klass_index=46 name_and_type_index=181
 -  44 :  : klass_index=46 name_and_type_index=182
 -  45 :  : klass_index=46 name_and_type_index=183
 -  46 :  : 'com/badlogic/gdx/physics/box2d/Fixture' {0x7c96fc20}
 -  47 :  : 'java/lang/Object' {0x7c208e58}
 -  48 :  : 'body'
 -  49 :  : 'Lcom/badlogic/gdx/physics/box2d/Body;'
 -  50 :  : 'addr'
 -  51 :  : 'J'
 -  52 :  : 'shape'
 -  53 :  : 'Lcom/badlogic/gdx/physics/box2d/Shape;'
 -  54 :  : 'userData'
 -  55 :  : 'Ljava/lang/Object;'
 -  56 :  : 'tmp'
 -  57 :  : '[S'
 -  58 :  : 'filter'
 -  59 :  : 'Lcom/badlogic/gdx/physics/box2d/Filter;'
 -  60 :  : '<init>'
 -  61 :  : '(Lcom/badlogic/gdx/physics/box2d/Body;J)V'
 -  62 :  : 'Code'
 -  63 :  : 'LineNumberTable'
 -  64 :  : 'LocalVariableTable'
 -  65 :  : 'this'
 -  66 :  : 'Lcom/badlogic/gdx/physics/box2d/Fixture;'
 -  67 :  : 'reset'
 -  68 :  : 'getType'
 -  69 :  : 'com/badlogic/gdx/physics/box2d/Shape$Type' {0x7c97f610}
 -  70 :  : 'Type'
 -  71 :  : 'InnerClasses'
 -  72 :  : '()Lcom/badlogic/gdx/physics/box2d/Shape$Type;'
 -  73 :  : 'type'
 -  74 :  : 'I'
 -  75 :  : 'StackMapTable'
 -  76 :  : 'jniGetType'
 -  77 :  : '(J)I'
 -  78 :  : 'getShape'
 -  79 :  : '()Lcom/badlogic/gdx/physics/box2d/Shape;'
 -  80 :  : 'shapeAddr'
 -  81 :  : 'jniGetShape'
 -  82 :  : '(J)J'
 -  83 :  : 'setSensor'
 -  84 :  : '(Z)V'
 -  85 :  : 'sensor'
 -  86 :  : 'Z'
 -  87 :  : 'jniSetSensor'
 -  88 :  : '(JZ)V'
 -  89 :  : 'isSensor'
 -  90 :  : '()Z'
 -  91 :  : 'jniIsSensor'
 -  92 :  : '(J)Z'
 -  93 :  : 'setFilterData'
 -  94 :  : '(Lcom/badlogic/gdx/physics/box2d/Filter;)V'
 -  95 :  : 'jniSetFilterData'
 -  96 :  : '(JSSS)V'
 -  97 :  : 'getFilterData'
 -  98 :  : '()Lcom/badlogic/gdx/physics/box2d/Filter;'
 -  99 :  : 'jniGetFilterData'
 - 100 :  : '(J[S)V'
 - 101 :  : 'refilter'
 - 102 :  : '()V'
 - 103 :  : 'jniRefilter'
 - 104 :  : '(J)V'
 - 105 :  : 'getBody'
 - 106 :  : '()Lcom/badlogic/gdx/physics/box2d/Body;'
 - 107 :  : 'testPoint'
 - 108 :  : '(Lcom/badlogic/gdx/math/Vector2;)Z'
 - 109 :  : 'p'
 - 110 :  : 'Lcom/badlogic/gdx/math/Vector2;'
 - 111 :  : '(FF)Z'
 - 112 :  : 'x'
 - 113 :  : 'F'
 - 114 :  : 'y'
 - 115 :  : 'jniTestPoint'
 - 116 :  : '(JFF)Z'
 - 117 :  : 'setDensity'
 - 118 :  : '(F)V'
 - 119 :  : 'density'
 - 120 :  : 'jniSetDensity'
 - 121 :  : '(JF)V'
 - 122 :  : 'getDensity'
 - 123 :  : '()F'
 - 124 :  : 'jniGetDensity'
 - 125 :  : '(J)F'
 - 126 :  : 'getFriction'
 - 127 :  : 'jniGetFriction'
 - 128 :  : 'setFriction'
 - 129 :  : 'friction'
 - 130 :  : 'jniSetFriction'
 - 131 :  : 'getRestitution'
 - 132 :  : 'jniGetRestitution'
 - 133 :  : 'setRestitution'
 - 134 :  : 'restitution'
 - 135 :  : 'jniSetRestitution'
 - 136 :  : 'setUserData'
 - 137 :  : '(Ljava/lang/Object;)V'
 - 138 :  : 'getUserData'
 - 139 :  : '()Ljava/lang/Object;'
 - 140 :  : 'SourceFile'
 - 141 :  : 'Fixture.java'
 - 142 :  : name_index=60 signature_index=102
 - 143 :  : name_index=56 signature_index=57
 - 144 :  : 'com/badlogic/gdx/physics/box2d/Filter'
 - 145 :  : name_index=58 signature_index=59
 - 146 :  : name_index=48 signature_index=49
 - 147 :  : name_index=50 signature_index=51
 - 148 :  : name_index=52 signature_index=53
 - 149 :  : name_index=54 signature_index=55
 - 150 :  : name_index=76 signature_index=77
 - 151 :  : name_index=187 signature_index=188
 - 152 :  : name_index=189 signature_index=188
 - 153 :  : name_index=190 signature_index=188
 - 154 :  : name_index=191 signature_index=188
 - 155 :  : 'com/badlogic/gdx/utils/GdxRuntimeException'
 - 156 :  : 'Unknown shape type!'
 - 157 :  : name_index=60 signature_index=192
 - 158 :  : name_index=81 signature_index=82
 - 159 :  : 'Null shape address!'
 - 160 :  : 'com/badlogic/gdx/physics/box2d/Shape' {0x7c95c0b8}
 - 161 :  : 'com/badlogic/gdx/physics/box2d/CircleShape'
 - 162 :  : name_index=60 signature_index=104
 - 163 :  : 'com/badlogic/gdx/physics/box2d/EdgeShape'
 - 164 :  : 'com/badlogic/gdx/physics/box2d/PolygonShape'
 - 165 :  : 'com/badlogic/gdx/physics/box2d/ChainShape'
 - 166 :  : name_index=87 signature_index=88
 - 167 :  : name_index=91 signature_index=92
 - 168 :  : name_index=194 signature_index=195
 - 169 :  : name_index=196 signature_index=195
 - 170 :  : name_index=197 signature_index=195
 - 171 :  : name_index=95 signature_index=96
 - 172 :  : name_index=99 signature_index=100
 - 173 :  : name_index=103 signature_index=104
 - 174 :  : 'com/badlogic/gdx/math/Vector2'
 - 175 :  : name_index=112 signature_index=113
 - 176 :  : name_index=114 signature_index=113
 - 177 :  : name_index=115 signature_index=116
 - 178 :  : name_index=120 signature_index=121
 - 179 :  : name_index=124 signature_index=125
 - 180 :  : name_index=127 signature_index=125
 - 181 :  : name_index=130 signature_index=121
 - 182 :  : name_index=132 signature_index=125
 - 183 :  : name_index=135 signature_index=121
 - 184 :  : 'com/badlogic/gdx/physics/box2d/Fixture'
 - 185 :  : 'java/lang/Object'
 - 186 :  : 'com/badlogic/gdx/physics/box2d/Shape$Type'
 - 187 :  : 'Circle'
 - 188 :  : 'Lcom/badlogic/gdx/physics/box2d/Shape$Type;'
 - 189 :  : 'Edge'
 - 190 :  : 'Polygon'
 - 191 :  : 'Chain'
 - 192 :  : '(Ljava/lang/String;)V'
 - 193 :  : 'com/badlogic/gdx/physics/box2d/Shape'
 - 194 :  : 'categoryBits'
 - 195 :  : 'S'
 - 196 :  : 'maskBits'
 - 197 :  : 'groupIndex'
 - 198 :  : 'com/badlogic/gdx/math/Vector2'

RDI=0x00000000026758fa is an Interpreter codelet
return entry points  [0x00000000026751e0, 0x00000000026767a0]  5568 bytes
R8 =0x000000000d3401f0 is an unknown value
R9 =0x00000000000000dd is an unknown value
R10=0x0000000002681359 is an Interpreter codelet
method entry point (kind = native)  [0x00000000026810e0, 0x0000000002681960]  2176 bytes
R11=0x000000006da02810 is an unknown value
R12=0x0000000000000000 is an unknown value
R13=0x000000077c96dec0 is an oop
{method} 
 - klass: {other class}
R14=0x000000000895f468 is pointing into the stack for thread: 0x00000000067c3000
R15=0x00000000067c3000 is a thread


Stack: [0x0000000008860000,0x0000000008960000],  sp=0x000000000895f3b8,  free space=1020k
Native frames: (J=compiled Java code, j=interpreted, Vv=VM code, C=native code)
C  [gdx64.dll+0x282e4]  Java_com_badlogic_gdx_physics_box2d_Fixture_jniGetType+0x4
j  com.badlogic.gdx.physics.box2d.Fixture.getType()Lcom/badlogic/gdx/physics/box2d/Shape$Type;+5
j  com.badlogic.gdx.physics.box2d.Box2DDebugRenderer.drawShape(Lcom/badlogic/gdx/physics/box2d/Fixture;Lcom/badlogic/gdx/physics/box2d/Transform;Lcom/badlogic/gdx/graphics/Color;)V+1
j  com.badlogic.gdx.physics.box2d.Box2DDebugRenderer.renderBody(Lcom/badlogic/gdx/physics/box2d/Body;)V+147
j  com.badlogic.gdx.physics.box2d.Box2DDebugRenderer.renderBodies(Lcom/badlogic/gdx/physics/box2d/World;)V+64
j  com.badlogic.gdx.physics.box2d.Box2DDebugRenderer.render(Lcom/badlogic/gdx/physics/box2d/World;Lcom/badlogic/gdx/math/Matrix4;)V+10
j  com.perfectplay.org.Anastasius.render()V+117
j  com.badlogic.gdx.backends.lwjgl.LwjglApplication.mainLoop()V+491
j  com.badlogic.gdx.backends.lwjgl.LwjglApplication$1.run()V+27
v  ~StubRoutines::call_stub
V  [jvm.dll+0x1e9ee7]

Java frames: (J=compiled Java code, j=interpreted, Vv=VM code)
j  com.badlogic.gdx.physics.box2d.Fixture.jniGetType(J)I+0
j  com.badlogic.gdx.physics.box2d.Fixture.getType()Lcom/badlogic/gdx/physics/box2d/Shape$Type;+5
j  com.badlogic.gdx.physics.box2d.Box2DDebugRenderer.drawShape(Lcom/badlogic/gdx/physics/box2d/Fixture;Lcom/badlogic/gdx/physics/box2d/Transform;Lcom/badlogic/gdx/graphics/Color;)V+1
j  com.badlogic.gdx.physics.box2d.Box2DDebugRenderer.renderBody(Lcom/badlogic/gdx/physics/box2d/Body;)V+147
j  com.badlogic.gdx.physics.box2d.Box2DDebugRenderer.renderBodies(Lcom/badlogic/gdx/physics/box2d/World;)V+64
j  com.badlogic.gdx.physics.box2d.Box2DDebugRenderer.render(Lcom/badlogic/gdx/physics/box2d/World;Lcom/badlogic/gdx/math/Matrix4;)V+10
j  com.perfectplay.org.Anastasius.render()V+117
j  com.badlogic.gdx.backends.lwjgl.LwjglApplication.mainLoop()V+491
j  com.badlogic.gdx.backends.lwjgl.LwjglApplication$1.run()V+27
v  ~StubRoutines::call_stub

---------------  P R O C E S S  ---------------

Java Threads: ( => current thread )
  0x00000000003cc000 JavaThread "DestroyJavaVM" [_thread_blocked, id=12640, stack(0x0000000002570000,0x0000000002670000)]
=>0x00000000067c3000 JavaThread "LWJGL Application" [_thread_in_native, id=3324, stack(0x0000000008860000,0x0000000008960000)]
  0x000000000677e000 JavaThread "Low Memory Detector" daemon [_thread_blocked, id=11544, stack(0x0000000007850000,0x0000000007950000)]
  0x0000000006771000 JavaThread "C2 CompilerThread1" daemon [_thread_blocked, id=5000, stack(0x0000000007750000,0x0000000007850000)]
  0x000000000675c800 JavaThread "C2 CompilerThread0" daemon [_thread_blocked, id=7112, stack(0x0000000007650000,0x0000000007750000)]
  0x000000000675b800 JavaThread "Attach Listener" daemon [_thread_blocked, id=12632, stack(0x0000000007550000,0x0000000007650000)]
  0x000000000675a800 JavaThread "Signal Dispatcher" daemon [_thread_blocked, id=12992, stack(0x0000000007450000,0x0000000007550000)]
  0x0000000006708800 JavaThread "Finalizer" daemon [_thread_blocked, id=11708, stack(0x0000000007350000,0x0000000007450000)]
  0x0000000006702000 JavaThread "Reference Handler" daemon [_thread_blocked, id=9788, stack(0x0000000007250000,0x0000000007350000)]

Other Threads:
  0x00000000066f8800 VMThread [stack: 0x0000000007150000,0x0000000007250000] [id=9776]
  0x0000000006797800 WatcherThread [stack: 0x0000000007950000,0x0000000007a50000] [id=5084]

VM state:not at safepoint (normal execution)

VM Mutex/Monitor currently owned by a thread: None

Heap
 PSYoungGen      total 37824K, used 9815K [0x00000007d5c00000, 0x00000007d8630000, 0x0000000800000000)
  eden space 32448K, 30% used [0x00000007d5c00000,0x00000007d6595c18,0x00000007d7bb0000)
  from space 5376K, 0% used [0x00000007d80f0000,0x00000007d80f0000,0x00000007d8630000)
  to   space 5376K, 0% used [0x00000007d7bb0000,0x00000007d7bb0000,0x00000007d80f0000)
 PSOldGen        total 86528K, used 0K [0x0000000781400000, 0x0000000786880000, 0x00000007d5c00000)
  object space 86528K, 0% used [0x0000000781400000,0x0000000781400000,0x0000000786880000)
 PSPermGen       total 21248K, used 7679K [0x000000077c200000, 0x000000077d6c0000, 0x0000000781400000)
  object space 21248K, 36% used [0x000000077c200000,0x000000077c97feb8,0x000000077d6c0000)

Code Cache  [0x0000000002670000, 0x00000000028e0000, 0x0000000005670000)
 total_blobs=411 nmethods=28 adapters=337 free_code_cache=49782016 largest_free_block=15104

Dynamic libraries:
0x0000000000400000 - 0x000000000042f000 	C:\Program Files\Java\jre6\bin\javaw.exe
0x0000000077580000 - 0x0000000077729000 	C:\Windows\SYSTEM32\ntdll.dll
0x0000000077460000 - 0x000000007757f000 	C:\Windows\system32\kernel32.dll
0x000007fefd440000 - 0x000007fefd4ab000 	C:\Windows\system32\KERNELBASE.dll
0x000007feff4a0000 - 0x000007feff57b000 	C:\Windows\system32\ADVAPI32.dll
0x000007feff380000 - 0x000007feff41f000 	C:\Windows\system32\msvcrt.dll
0x000007fefd790000 - 0x000007fefd7af000 	C:\Windows\SYSTEM32\sechost.dll
0x000007feff760000 - 0x000007feff88d000 	C:\Windows\system32\RPCRT4.dll
0x0000000077360000 - 0x000000007745a000 	C:\Windows\system32\USER32.dll
0x000007feff6a0000 - 0x000007feff707000 	C:\Windows\system32\GDI32.dll
0x000007fefee10000 - 0x000007fefee1e000 	C:\Windows\system32\LPK.dll
0x000007fefd7b0000 - 0x000007fefd879000 	C:\Windows\system32\USP10.dll
0x000007feff120000 - 0x000007feff14e000 	C:\Windows\system32\IMM32.DLL
0x000007feff1f0000 - 0x000007feff2f9000 	C:\Windows\system32\MSCTF.dll
0x000007fefd320000 - 0x000007fefd360000 	C:\Windows\system32\nvinitx.dll
0x000000000f000000 - 0x000000000f006000 	C:\Program Files\NVIDIA Corporation\CoProcManager\_etoured.dll
0x000007fef9af0000 - 0x000007fef9b44000 	C:\Program Files\NVIDIA Corporation\CoProcManager\nvd3d9wrapx.dll
0x000007fefdea0000 - 0x000007fefe077000 	C:\Windows\system32\SETUPAPI.dll
0x000007fefd630000 - 0x000007fefd666000 	C:\Windows\system32\CFGMGR32.dll
0x000007fefee30000 - 0x000007fefef07000 	C:\Windows\system32\OLEAUT32.dll
0x000007fefef10000 - 0x000007feff113000 	C:\Windows\system32\ole32.dll
0x000007fefd410000 - 0x000007fefd42a000 	C:\Windows\system32\DEVOBJ.dll
0x000007fef9a00000 - 0x000007fef9a43000 	C:\Program Files\NVIDIA Corporation\CoProcManager\nvdxgiwrapx.dll
0x000000006d800000 - 0x000000006dfb9000 	C:\Program Files\Java\jre6\bin\server\jvm.dll
0x000007fefac10000 - 0x000007fefac4b000 	C:\Windows\system32\WINMM.dll
0x000000006d770000 - 0x000000006d77e000 	C:\Program Files\Java\jre6\bin\verify.dll
0x000000006d3b0000 - 0x000000006d3d7000 	C:\Program Files\Java\jre6\bin\java.dll
0x000000006d7c0000 - 0x000000006d7d2000 	C:\Program Files\Java\jre6\bin\zip.dll
0x0000000065580000 - 0x000000006560d000 	C:\Users\Javi\AppData\Local\Temp\libgdxJavi\123946040\gdx64.dll
0x0000000180000000 - 0x0000000180050000 	C:\Users\Javi\AppData\Local\Temp\libgdxJavi\27538956\lwjgl64.dll
0x000007fef34e0000 - 0x000007fef35fd000 	C:\Windows\system32\OPENGL32.dll
0x000007fef4b20000 - 0x000007fef4b4d000 	C:\Windows\system32\GLU32.dll
0x000007fef48a0000 - 0x000007fef4991000 	C:\Windows\system32\DDRAW.dll
0x000007fef4bf0000 - 0x000007fef4bf8000 	C:\Windows\system32\DCIMAN32.dll
0x000007fefa8a0000 - 0x000007fefa8b8000 	C:\Windows\system32\dwmapi.dll
0x000007fefc460000 - 0x000007fefc46c000 	C:\Windows\system32\VERSION.dll
0x000007fefb550000 - 0x000007fefb744000 	C:\Windows\WinSxS\amd64_microsoft.windows.common-controls_6595b64144ccf1df_6.0.7601.17514_none_fa396087175ac9ac\COMCTL32.dll
0x000007feff420000 - 0x000007feff491000 	C:\Windows\system32\SHLWAPI.dll
0x0000000001d50000 - 0x0000000001db2000 	C:\Users\Javi\AppData\Local\Temp\libgdxJavi\27538956\OpenAL64.dll
0x000007fefe080000 - 0x000007fefee08000 	C:\Windows\system32\SHELL32.dll
0x000007fefd250000 - 0x000007fefd25f000 	C:\Windows\system32\CRYPTBASE.dll
0x000007fefb170000 - 0x000007fefb1c6000 	C:\Windows\system32\uxtheme.dll
0x000007feff580000 - 0x000007feff619000 	C:\Windows\system32\CLBCatQ.DLL
0x000007fefc060000 - 0x000007fefc18c000 	C:\Windows\System32\PROPSYS.dll
0x000007fefd6a0000 - 0x000007fefd6d9000 	C:\Windows\system32\WINTRUST.dll
0x000007fefd4b0000 - 0x000007fefd61a000 	C:\Windows\system32\CRYPT32.dll
0x000007fefd400000 - 0x000007fefd40f000 	C:\Windows\system32\MSASN1.dll
0x000007fef3450000 - 0x000007fef34d8000 	C:\Windows\system32\dsound.dll
0x000007fefc1e0000 - 0x000007fefc20c000 	C:\Windows\system32\POWRPROF.dll
0x000007fefc190000 - 0x000007fefc1db000 	C:\Windows\System32\MMDevApi.dll
0x000007fefa8c0000 - 0x000007fefa90f000 	C:\Windows\system32\AUDIOSES.DLL
0x0000000008960000 - 0x0000000009b4b000 	C:\Windows\system32\ig4icd64.dll
0x000007fef9a50000 - 0x000007fef9aec000 	C:\Windows\system32\mscms.dll
0x000007fefc670000 - 0x000007fefc68e000 	C:\Windows\system32\USERENV.dll
0x000007fefd360000 - 0x000007fefd36f000 	C:\Windows\system32\profapi.dll
0x000007fef1dd0000 - 0x000007fef1e12000 	C:\Windows\system32\icm32.dll
0x000007fefcbf0000 - 0x000007fefcc07000 	C:\Windows\system32\CRYPTSP.dll
0x000007fefc8f0000 - 0x000007fefc937000 	C:\Windows\system32\rsaenh.dll
0x000000006d610000 - 0x000000006d627000 	C:\Program Files\Java\jre6\bin\net.dll
0x000007feff710000 - 0x000007feff75d000 	C:\Windows\system32\WS2_32.dll
0x000007fefee20000 - 0x000007fefee28000 	C:\Windows\system32\NSI.dll
0x000007fefcb90000 - 0x000007fefcbe5000 	C:\Windows\system32\mswsock.dll
0x000007fefcb80000 - 0x000007fefcb87000 	C:\Windows\System32\wship6.dll
0x000007fefbde0000 - 0x000007fefbdf5000 	C:\Windows\system32\NLAapi.dll
0x000007fef65e0000 - 0x000007fef65f5000 	C:\Windows\system32\napinsp.dll
0x000007fef6320000 - 0x000007fef6339000 	C:\Windows\system32\pnrpnsp.dll
0x000007fef65d0000 - 0x000007fef65e0000 	C:\Windows\system32\wshbth.dll
0x0000000071a70000 - 0x0000000071a96000 	C:\Program Files\Bonjour\mdnsNSP.dll
0x000007fefbc60000 - 0x000007fefbc87000 	C:\Windows\system32\Iphlpapi.DLL
0x000007fefbc50000 - 0x000007fefbc5b000 	C:\Windows\system32\WINNSI.DLL
0x0000000071a40000 - 0x0000000071a6e000 	C:\Program Files\Common Files\Microsoft Shared\Windows Live\WLIDNSP.DLL
0x0000000077750000 - 0x0000000077757000 	C:\Windows\system32\PSAPI.DLL
0x000007fefca10000 - 0x000007fefca6b000 	C:\Windows\system32\DNSAPI.dll
0x000007fef6310000 - 0x000007fef631b000 	C:\Windows\System32\winrnr.dll
0x000007fefc530000 - 0x000007fefc537000 	C:\Windows\System32\wshtcpip.dll
0x000007fef79d0000 - 0x000007fef79d8000 	C:\Windows\system32\rasadhlp.dll
0x000007fefbae0000 - 0x000007fefbb33000 	C:\Windows\System32\fwpuclnt.dll

VM Arguments:
jvm_args: -Dfile.encoding=Cp1252 
java_command: com.perfectplay.org.Main
Launcher Type: SUN_STANDARD

Environment Variables:
JAVA_HOME=C:\Program Files\Java\jdk1.7.0_02
PATH=C:\Program Files (x86)\NVIDIA Corporation\PhysX\Common;ommonProgramFiles\Microsoft Shared\Windows Live;C:\Windows\system32;C:\Windows;C:\Windows\System32\Wbem;C:\Windows\System32\WindowsPowerShell\v1.0\;C:\Program Files\Intel\WiFi\bin\;C:\Program Files\Common Files\Intel\WirelessCommon\;E:\Program Files\MATLAB\R2011b\bin;C:\Ant\bin;C:\Program Files\Microsoft\Web Platform Installer\;C:\Program Files (x86)\Microsoft ASP.NET\ASP.NET Web Pages\v1.0\;C:\Program Files (x86)\Windows Kits\8.0\Windows Performance Toolkit\;C:\Program Files\Microsoft SQL Server\110\Tools\Binn\;E:\Program Files\TortoiseSVN\bin;C:\Program Files\Common Files\Microsoft Shared\Windows Live;C:\Program Files\Intel\WiFi\bin\;C:\Program Files\Common Files\Intel\WirelessCommon\
USERNAME=Javi
OS=Windows_NT
PROCESSOR_IDENTIFIER=Intel64 Family 6 Model 42 Stepping 7, GenuineIntel



---------------  S Y S T E M  ---------------

OS: Windows 7 , 64 bit Build 7601 Service Pack 1

CPU:total 8 (4 cores per cpu, 2 threads per core) family 6 model 42 stepping 7, cmov, cx8, fxsr, mmx, sse, sse2, sse3, ssse3, sse4.1, sse4.2, popcnt, ht

Memory: 4k page, physical 8300720k(580424k free), swap 16599580k(7044384k free)

vm_info: Java HotSpot(TM) 64-Bit Server VM (20.9-b04) for windows-amd64 JRE (1.6.0_34-b04), built on Jul 19 2012 00:49:04 by "java_re" with MS VC++ 8.0 (VS2005)

time: Sat Jul 06 00:30:25 2013
elapsed time: 0 seconds

