#
# A fatal error has been detected by the Java Runtime Environment:
#
#  EXCEPTION_ACCESS_VIOLATION (0xc0000005) at pc=0x00006a9a0d8b9066, pid=5136, tid=12884
#
# JRE version: 6.0_34-b04
# Java VM: Java HotSpot(TM) 64-Bit Server VM (20.9-b04 mixed mode windows-amd64 compressed oops)
# Problematic frame:
# C  0x00006a9a0d8b9066
#
# If you would like to submit a bug report, please visit:
#   http://java.sun.com/webapps/bugreport/crash.jsp
# The crash happened outside the Java Virtual Machine in native code.
# See problematic frame for where to report the bug.
#

---------------  T H R E A D  ---------------

Current thread (0x000000000669c800):  JavaThread "LWJGL Application" [_thread_in_native, id=12884, stack(0x00000000088b0000,0x00000000089b0000)]

siginfo: ExceptionCode=0xc0000005, ExceptionInformation=0x0000000000000008 0x00006a9a0d8b9066

Registers:
RAX=0x00000000655d002e, RBX=0x000000000d531280, RCX=0x000000000679b170, RDX=0x000000000d277690
RSP=0x00000000089af538, RBP=0x00000000089af600, RSI=0x000000000d277690, RDI=0x00000000089af600
R8 =0x000000000d5edfe0, R9 =0x00000000089af600, R10=0x00000000000003a9, R11=0x0000000000000001
R12=0x0000000000000000, R13=0x000000077c959360, R14=0x00000000089af778, R15=0x000000000669c800
RIP=0x00006a9a0d8b9066, EFLAGS=0x0000000000010202

Top of Stack: (sp=0x00000000089af538)
0x00000000089af538:   000000006559e684 000000000d277690
0x00000000089af548:   0000000000000003 0000000000000400
0x00000000089af558:   00000000089af568 000000000d5edfe0
0x00000000089af568:   000000000d5edfe0 000000000d277690
0x00000000089af578:   000000000d531280 00000000089af600
0x00000000089af588:   000000006559d719 0000000000000000
0x00000000089af598:   0000000000000000 000000000669c800
0x00000000089af5a8:   00000000089af778 000000077c959360
0x00000000089af5b8:   000000077c959360 000000077c962d20
0x00000000089af5c8:   00000000024f5b22 00000000089af700
0x00000000089af5d8:   00000000655a6f91 00000000089af700
0x00000000089af5e8:   00000000066e7290 0000000000000000
0x00000000089af5f8:   000000006d897660 000000000679b170
0x00000000089af608:   0000000000000000 3e4ccccd3e99999a
0x00000000089af618:   000100003f000000 000000070000ffff
0x00000000089af628:   00000000024f5b22 0000000000000002 

Instructions: (pc=0x00006a9a0d8b9066)
0x00006a9a0d8b9046:   
[error occurred during error reporting (printing registers, top of stack, instructions near pc), id 0xc0000005]

Register to memory mapping:

RAX=0x00000000655d002e is an unknown value
RBX=0x000000000d531280 is an unknown value
RCX=0x000000000679b170 is an unknown value
RDX=0x000000000d277690 is an unknown value
RSP=0x00000000089af538 is pointing into the stack for thread: 0x000000000669c800
RBP=0x00000000089af600 is pointing into the stack for thread: 0x000000000669c800
RSI=0x000000000d277690 is an unknown value
RDI=0x00000000089af600 is pointing into the stack for thread: 0x000000000669c800
R8 =0x000000000d5edfe0 is an unknown value
R9 =0x00000000089af600 is pointing into the stack for thread: 0x000000000669c800
R10=0x00000000000003a9 is an unknown value
R11=0x0000000000000001 is an unknown value
R12=0x0000000000000000 is an unknown value
R13=0x000000077c959360 is an oop
{method} 
 - klass: {other class}
R14=0x00000000089af778 is pointing into the stack for thread: 0x000000000669c800
R15=0x000000000669c800 is a thread


Stack: [0x00000000088b0000,0x00000000089b0000],  sp=0x00000000089af538,  free space=1021k
Native frames: (J=compiled Java code, j=interpreted, Vv=VM code, C=native code)
C  0x00006a9a0d8b9066

Java frames: (J=compiled Java code, j=interpreted, Vv=VM code)
j  com.badlogic.gdx.physics.box2d.Body.jniCreateFixture(JJFFFZSSS)J+0
j  com.badlogic.gdx.physics.box2d.Body.createFixture(Lcom/badlogic/gdx/physics/box2d/FixtureDef;)Lcom/badlogic/gdx/physics/box2d/Fixture;+49
j  com.perfectplay.org.components.RigidBody.CreateBox(Lcom/badlogic/gdx/physics/box2d/BodyDef$BodyType;IIFFF)Lcom/badlogic/gdx/physics/box2d/Body;+95
j  com.perfectplay.org.Anastasius.create()V+354
j  com.badlogic.gdx.backends.lwjgl.LwjglApplication.mainLoop()V+24
j  com.badlogic.gdx.backends.lwjgl.LwjglApplication$1.run()V+27
v  ~StubRoutines::call_stub

---------------  P R O C E S S  ---------------

Java Threads: ( => current thread )
  0x000000000669d800 JavaThread "DestroyJavaVM" [_thread_blocked, id=6948, stack(0x00000000023f0000,0x00000000024f0000)]
=>0x000000000669c800 JavaThread "LWJGL Application" [_thread_in_native, id=12884, stack(0x00000000088b0000,0x00000000089b0000)]
  0x000000000669c000 JavaThread "Low Memory Detector" daemon [_thread_blocked, id=13204, stack(0x0000000007790000,0x0000000007890000)]
  0x00000000066c0000 JavaThread "C2 CompilerThread1" daemon [_thread_blocked, id=8148, stack(0x0000000007690000,0x0000000007790000)]
  0x00000000066ab000 JavaThread "C2 CompilerThread0" daemon [_thread_blocked, id=12316, stack(0x0000000007590000,0x0000000007690000)]
  0x000000000669b800 JavaThread "Attach Listener" daemon [_thread_blocked, id=3700, stack(0x0000000007490000,0x0000000007590000)]
  0x000000000669a800 JavaThread "Signal Dispatcher" daemon [_thread_blocked, id=2356, stack(0x0000000007390000,0x0000000007490000)]
  0x0000000006648800 JavaThread "Finalizer" daemon [_thread_blocked, id=6984, stack(0x0000000007290000,0x0000000007390000)]
  0x0000000006642000 JavaThread "Reference Handler" daemon [_thread_blocked, id=9560, stack(0x0000000007190000,0x0000000007290000)]

Other Threads:
  0x0000000006638800 VMThread [stack: 0x0000000007090000,0x0000000007190000] [id=5924]
  0x00000000066e7800 WatcherThread [stack: 0x0000000007890000,0x0000000007990000] [id=12328]

VM state:not at safepoint (normal execution)

VM Mutex/Monitor currently owned by a thread: None

Heap
 PSYoungGen      total 37824K, used 9826K [0x00000007d5c00000, 0x00000007d8630000, 0x0000000800000000)
  eden space 32448K, 30% used [0x00000007d5c00000,0x00000007d6598840,0x00000007d7bb0000)
  from space 5376K, 0% used [0x00000007d80f0000,0x00000007d80f0000,0x00000007d8630000)
  to   space 5376K, 0% used [0x00000007d7bb0000,0x00000007d7bb0000,0x00000007d80f0000)
 PSOldGen        total 86528K, used 0K [0x0000000781400000, 0x0000000786880000, 0x00000007d5c00000)
  object space 86528K, 0% used [0x0000000781400000,0x0000000781400000,0x0000000786880000)
 PSPermGen       total 21248K, used 7566K [0x000000077c200000, 0x000000077d6c0000, 0x0000000781400000)
  object space 21248K, 35% used [0x000000077c200000,0x000000077c963a80,0x000000077d6c0000)

Code Cache  [0x00000000024f0000, 0x0000000002760000, 0x00000000054f0000)
 total_blobs=407 nmethods=27 adapters=334 free_code_cache=49784064 largest_free_block=15104

Dynamic libraries:
0x0000000000400000 - 0x000000000042f000 	C:\Program Files\Java\jre6\bin\javaw.exe
0x0000000077580000 - 0x0000000077729000 	C:\Windows\SYSTEM32\ntdll.dll
0x0000000077460000 - 0x000000007757f000 	C:\Windows\system32\kernel32.dll
0x000007fefd440000 - 0x000007fefd4ab000 	C:\Windows\system32\KERNELBASE.dll
0x000007feff4a0000 - 0x000007feff57b000 	C:\Windows\system32\ADVAPI32.dll
0x000007feff380000 - 0x000007feff41f000 	C:\Windows\system32\msvcrt.dll
0x000007fefd790000 - 0x000007fefd7af000 	C:\Windows\SYSTEM32\sechost.dll
0x000007feff760000 - 0x000007feff88d000 	C:\Windows\system32\RPCRT4.dll
0x0000000077360000 - 0x000000007745a000 	C:\Windows\system32\USER32.dll
0x000007feff6a0000 - 0x000007feff707000 	C:\Windows\system32\GDI32.dll
0x000007fefee10000 - 0x000007fefee1e000 	C:\Windows\system32\LPK.dll
0x000007fefd7b0000 - 0x000007fefd879000 	C:\Windows\system32\USP10.dll
0x000007feff120000 - 0x000007feff14e000 	C:\Windows\system32\IMM32.DLL
0x000007feff1f0000 - 0x000007feff2f9000 	C:\Windows\system32\MSCTF.dll
0x000007fefd320000 - 0x000007fefd360000 	C:\Windows\system32\nvinitx.dll
0x000000000f000000 - 0x000000000f006000 	C:\Program Files\NVIDIA Corporation\CoProcManager\_etoured.dll
0x000007fef9af0000 - 0x000007fef9b44000 	C:\Program Files\NVIDIA Corporation\CoProcManager\nvd3d9wrapx.dll
0x000007fefdea0000 - 0x000007fefe077000 	C:\Windows\system32\SETUPAPI.dll
0x000007fefd630000 - 0x000007fefd666000 	C:\Windows\system32\CFGMGR32.dll
0x000007fefee30000 - 0x000007fefef07000 	C:\Windows\system32\OLEAUT32.dll
0x000007fefef10000 - 0x000007feff113000 	C:\Windows\system32\ole32.dll
0x000007fefd410000 - 0x000007fefd42a000 	C:\Windows\system32\DEVOBJ.dll
0x000007fef9a00000 - 0x000007fef9a43000 	C:\Program Files\NVIDIA Corporation\CoProcManager\nvdxgiwrapx.dll
0x000000006d800000 - 0x000000006dfb9000 	C:\Program Files\Java\jre6\bin\server\jvm.dll
0x000007fefac10000 - 0x000007fefac4b000 	C:\Windows\system32\WINMM.dll
0x000000006d770000 - 0x000000006d77e000 	C:\Program Files\Java\jre6\bin\verify.dll
0x000000006d3b0000 - 0x000000006d3d7000 	C:\Program Files\Java\jre6\bin\java.dll
0x000000006d7c0000 - 0x000000006d7d2000 	C:\Program Files\Java\jre6\bin\zip.dll
0x0000000065580000 - 0x000000006560d000 	C:\Users\Javi\AppData\Local\Temp\libgdxJavi\123946040\gdx64.dll
0x0000000180000000 - 0x0000000180050000 	C:\Users\Javi\AppData\Local\Temp\libgdxJavi\27538956\lwjgl64.dll
0x000007fef34e0000 - 0x000007fef35fd000 	C:\Windows\system32\OPENGL32.dll
0x000007fef4b20000 - 0x000007fef4b4d000 	C:\Windows\system32\GLU32.dll
0x000007fef48a0000 - 0x000007fef4991000 	C:\Windows\system32\DDRAW.dll
0x000007fef4bf0000 - 0x000007fef4bf8000 	C:\Windows\system32\DCIMAN32.dll
0x000007fefa8a0000 - 0x000007fefa8b8000 	C:\Windows\system32\dwmapi.dll
0x000007fefc460000 - 0x000007fefc46c000 	C:\Windows\system32\VERSION.dll
0x000007fefb550000 - 0x000007fefb744000 	C:\Windows\WinSxS\amd64_microsoft.windows.common-controls_6595b64144ccf1df_6.0.7601.17514_none_fa396087175ac9ac\COMCTL32.dll
0x000007feff420000 - 0x000007feff491000 	C:\Windows\system32\SHLWAPI.dll
0x0000000001f90000 - 0x0000000001ff2000 	C:\Users\Javi\AppData\Local\Temp\libgdxJavi\27538956\OpenAL64.dll
0x000007fefe080000 - 0x000007fefee08000 	C:\Windows\system32\SHELL32.dll
0x000007fefd250000 - 0x000007fefd25f000 	C:\Windows\system32\CRYPTBASE.dll
0x000007fefb170000 - 0x000007fefb1c6000 	C:\Windows\system32\uxtheme.dll
0x000007feff580000 - 0x000007feff619000 	C:\Windows\system32\CLBCatQ.DLL
0x000007fefc060000 - 0x000007fefc18c000 	C:\Windows\System32\PROPSYS.dll
0x000007fefd6a0000 - 0x000007fefd6d9000 	C:\Windows\system32\WINTRUST.dll
0x000007fefd4b0000 - 0x000007fefd61a000 	C:\Windows\system32\CRYPT32.dll
0x000007fefd400000 - 0x000007fefd40f000 	C:\Windows\system32\MSASN1.dll
0x000007fef3450000 - 0x000007fef34d8000 	C:\Windows\system32\dsound.dll
0x000007fefc1e0000 - 0x000007fefc20c000 	C:\Windows\system32\POWRPROF.dll
0x000007fefc190000 - 0x000007fefc1db000 	C:\Windows\System32\MMDevApi.dll
0x000007fefa8c0000 - 0x000007fefa90f000 	C:\Windows\system32\AUDIOSES.DLL
0x00000000089b0000 - 0x0000000009b9b000 	C:\Windows\system32\ig4icd64.dll
0x000007fef9a50000 - 0x000007fef9aec000 	C:\Windows\system32\mscms.dll
0x000007fefc670000 - 0x000007fefc68e000 	C:\Windows\system32\USERENV.dll
0x000007fefd360000 - 0x000007fefd36f000 	C:\Windows\system32\profapi.dll
0x000007fef4f40000 - 0x000007fef4f82000 	C:\Windows\system32\icm32.dll
0x000007fefcbf0000 - 0x000007fefcc07000 	C:\Windows\system32\CRYPTSP.dll
0x000007fefc8f0000 - 0x000007fefc937000 	C:\Windows\system32\rsaenh.dll
0x000000006d610000 - 0x000000006d627000 	C:\Program Files\Java\jre6\bin\net.dll
0x000007feff710000 - 0x000007feff75d000 	C:\Windows\system32\WS2_32.dll
0x000007fefee20000 - 0x000007fefee28000 	C:\Windows\system32\NSI.dll
0x000007fefcb90000 - 0x000007fefcbe5000 	C:\Windows\system32\mswsock.dll
0x000007fefcb80000 - 0x000007fefcb87000 	C:\Windows\System32\wship6.dll
0x000007fefbde0000 - 0x000007fefbdf5000 	C:\Windows\system32\NLAapi.dll
0x000007fef65e0000 - 0x000007fef65f5000 	C:\Windows\system32\napinsp.dll
0x000007fef6320000 - 0x000007fef6339000 	C:\Windows\system32\pnrpnsp.dll
0x000007fef65d0000 - 0x000007fef65e0000 	C:\Windows\system32\wshbth.dll
0x0000000071a70000 - 0x0000000071a96000 	C:\Program Files\Bonjour\mdnsNSP.dll
0x000007fefbc60000 - 0x000007fefbc87000 	C:\Windows\system32\Iphlpapi.DLL
0x000007fefbc50000 - 0x000007fefbc5b000 	C:\Windows\system32\WINNSI.DLL
0x0000000071a40000 - 0x0000000071a6e000 	C:\Program Files\Common Files\Microsoft Shared\Windows Live\WLIDNSP.DLL
0x0000000077750000 - 0x0000000077757000 	C:\Windows\system32\PSAPI.DLL
0x000007fefca10000 - 0x000007fefca6b000 	C:\Windows\system32\DNSAPI.dll
0x000007fef6310000 - 0x000007fef631b000 	C:\Windows\System32\winrnr.dll
0x000007fefc530000 - 0x000007fefc537000 	C:\Windows\System32\wshtcpip.dll
0x000007fef79d0000 - 0x000007fef79d8000 	C:\Windows\system32\rasadhlp.dll
0x000007fefbae0000 - 0x000007fefbb33000 	C:\Windows\System32\fwpuclnt.dll

VM Arguments:
jvm_args: -Dfile.encoding=Cp1252 
java_command: com.perfectplay.org.Main
Launcher Type: SUN_STANDARD

Environment Variables:
JAVA_HOME=C:\Program Files\Java\jdk1.7.0_02
PATH=C:\Program Files (x86)\NVIDIA Corporation\PhysX\Common;ommonProgramFiles\Microsoft Shared\Windows Live;C:\Windows\system32;C:\Windows;C:\Windows\System32\Wbem;C:\Windows\System32\WindowsPowerShell\v1.0\;C:\Program Files\Intel\WiFi\bin\;C:\Program Files\Common Files\Intel\WirelessCommon\;E:\Program Files\MATLAB\R2011b\bin;C:\Ant\bin;C:\Program Files\Microsoft\Web Platform Installer\;C:\Program Files (x86)\Microsoft ASP.NET\ASP.NET Web Pages\v1.0\;C:\Program Files (x86)\Windows Kits\8.0\Windows Performance Toolkit\;C:\Program Files\Microsoft SQL Server\110\Tools\Binn\;E:\Program Files\TortoiseSVN\bin;C:\Program Files\Common Files\Microsoft Shared\Windows Live;C:\Program Files\Intel\WiFi\bin\;C:\Program Files\Common Files\Intel\WirelessCommon\
USERNAME=Javi
OS=Windows_NT
PROCESSOR_IDENTIFIER=Intel64 Family 6 Model 42 Stepping 7, GenuineIntel



---------------  S Y S T E M  ---------------

OS: Windows 7 , 64 bit Build 7601 Service Pack 1

CPU:total 8 (4 cores per cpu, 2 threads per core) family 6 model 42 stepping 7, cmov, cx8, fxsr, mmx, sse, sse2, sse3, ssse3, sse4.1, sse4.2, popcnt, ht

Memory: 4k page, physical 8300720k(1112792k free), swap 16599580k(7724380k free)

vm_info: Java HotSpot(TM) 64-Bit Server VM (20.9-b04) for windows-amd64 JRE (1.6.0_34-b04), built on Jul 19 2012 00:49:04 by "java_re" with MS VC++ 8.0 (VS2005)

time: Fri Jul 05 20:11:56 2013
elapsed time: 0 seconds

