#
# A fatal error has been detected by the Java Runtime Environment:
#
#  EXCEPTION_ACCESS_VIOLATION (0xc0000005) at pc=0x000000006559e681, pid=848, tid=6520
#
# JRE version: 6.0_34-b04
# Java VM: Java HotSpot(TM) 64-Bit Server VM (20.9-b04 mixed mode windows-amd64 compressed oops)
# Problematic frame:
# C  [gdx64.dll+0x1e681]
#
# If you would like to submit a bug report, please visit:
#   http://java.sun.com/webapps/bugreport/crash.jsp
# The crash happened outside the Java Virtual Machine in native code.
# See problematic frame for where to report the bug.
#

---------------  T H R E A D  ---------------

Current thread (0x0000000006c8f000):  JavaThread "LWJGL Application" [_thread_in_native, id=6520, stack(0x0000000009be0000,0x0000000009ce0000)]

siginfo: ExceptionCode=0xc0000005, reading address 0x0000000000000010

Registers:
RAX=0x0000000000000000, RBX=0x0000000006aba5f0, RCX=0x00000000069f3e60, RDX=0x000000000e9c1f90
RSP=0x0000000009cdf020, RBP=0x0000000009cdf0e0, RSI=0x000000000e9c1f90, RDI=0x0000000009cdf0e0
R8 =0x0000000006bcec10, R9 =0x0000000009cdf0e0, R10=0x00000000000001fe, R11=0x0000000000000001
R12=0x0000000000000000, R13=0x000000077c9b27a8, R14=0x0000000009cdf260, R15=0x0000000006c8f000
RIP=0x000000006559e681, EFLAGS=0x0000000000010202

Top of Stack: (sp=0x0000000009cdf020)
0x0000000009cdf020:   000000000e9c1f90 0000000000000003
0x0000000009cdf030:   0000000000000400 0000000009cdf048
0x0000000009cdf040:   0000000006bcec10 0000000006bcec10
0x0000000009cdf050:   000000000e9c1f90 0000000006aba5f0
0x0000000009cdf060:   0000000009cdf0e0 000000006559d719
0x0000000009cdf070:   0000000000000000 0000000000000000
0x0000000009cdf080:   0000000006c8f000 0000000009cdf260
0x0000000009cdf090:   000000077c9b27a8 000000077c9b27a8
0x0000000009cdf0a0:   000000077c5a7ab8 0000000002a55bc2
0x0000000009cdf0b0:   0000000009cdf1e8 00000000655a6f91
0x0000000009cdf0c0:   0000000009cdf1e8 00000000088a8100
0x0000000009cdf0d0:   0000000006c8f000 0000000006c8f000
0x0000000009cdf0e0:   00000000069f3e60 0000000000000000
0x0000000009cdf0f0:   3f0000003f000000 000100003f000000
0x0000000009cdf100:   000000070000ffff 0000000002a55bc2
0x0000000009cdf110:   0000000009cdf1a8 0000000002a679df 

Instructions: (pc=0x000000006559e681)
0x000000006559e661:   41 24 41 8b 41 1e 89 41 34 41 0f b7 41 22 66 89
0x000000006559e671:   41 38 41 0f b6 41 1c 88 41 3a 49 8b 09 48 8b 01
0x000000006559e681:   ff 50 10 48 8b 10 48 89 c1 48 89 43 18 ff 52 18
0x000000006559e691:   89 c2 89 c5 48 89 f1 c1 e2 05 e8 c0 c8 fe ff 85 


Register to memory mapping:

RAX=0x0000000000000000 is an unknown value
RBX=0x0000000006aba5f0 is an unknown value
RCX=0x00000000069f3e60 is an unknown value
RDX=0x000000000e9c1f90 is an unknown value
RSP=0x0000000009cdf020 is pointing into the stack for thread: 0x0000000006c8f000
RBP=0x0000000009cdf0e0 is pointing into the stack for thread: 0x0000000006c8f000
RSI=0x000000000e9c1f90 is an unknown value
RDI=0x0000000009cdf0e0 is pointing into the stack for thread: 0x0000000006c8f000
R8 =0x0000000006bcec10 is an unknown value
R9 =0x0000000009cdf0e0 is pointing into the stack for thread: 0x0000000006c8f000
R10=0x00000000000001fe is an unknown value
R11=0x0000000000000001 is an unknown value
R12=0x0000000000000000 is an unknown value
R13=0x000000077c9b27a8 is an oop
{method} 
 - klass: {other class}
R14=0x0000000009cdf260 is pointing into the stack for thread: 0x0000000006c8f000
R15=0x0000000006c8f000 is a thread


Stack: [0x0000000009be0000,0x0000000009ce0000],  sp=0x0000000009cdf020,  free space=1020k
Native frames: (J=compiled Java code, j=interpreted, Vv=VM code, C=native code)
C  [gdx64.dll+0x1e681]

Java frames: (J=compiled Java code, j=interpreted, Vv=VM code)
j  com.badlogic.gdx.physics.box2d.Body.jniCreateFixture(JJFFFZSSS)J+0
j  com.badlogic.gdx.physics.box2d.Body.createFixture(Lcom/badlogic/gdx/physics/box2d/FixtureDef;)Lcom/badlogic/gdx/physics/box2d/Fixture;+49
j  com.perfectplay.org.components.RigidBody.addFixture(Lcom/badlogic/gdx/physics/box2d/FixtureDef;)V+5
j  com.perfectplay.org.serialization.RigidBodySerializer.read(Lcom/esotericsoftware/kryo/Kryo;Lcom/esotericsoftware/kryo/io/Input;Ljava/lang/Class;)Lcom/perfectplay/org/components/RigidBody;+48
j  com.perfectplay.org.serialization.RigidBodySerializer.read(Lcom/esotericsoftware/kryo/Kryo;Lcom/esotericsoftware/kryo/io/Input;Ljava/lang/Class;)Ljava/lang/Object;+7
j  com.esotericsoftware.kryo.Kryo.readClassAndObject(Lcom/esotericsoftware/kryo/io/Input;)Ljava/lang/Object;+125
j  com.perfectplay.org.serialization.LevelSerializer.read(Lcom/esotericsoftware/kryo/Kryo;Lcom/esotericsoftware/kryo/io/Input;Ljava/lang/Class;)Lcom/perfectplay/org/Level;+153
j  com.perfectplay.org.serialization.LevelSerializer.read(Lcom/esotericsoftware/kryo/Kryo;Lcom/esotericsoftware/kryo/io/Input;Ljava/lang/Class;)Ljava/lang/Object;+7
j  com.esotericsoftware.kryo.Kryo.readClassAndObject(Lcom/esotericsoftware/kryo/io/Input;)Ljava/lang/Object;+125
j  com.perfectplay.org.serialization.LevelSerializer.ReadLevel(Ljava/lang/String;)Lcom/perfectplay/org/Level;+21
j  com.perfectplay.org.Anastasius.create()V+109
j  com.badlogic.gdx.backends.lwjgl.LwjglApplication.mainLoop()V+24
j  com.badlogic.gdx.backends.lwjgl.LwjglApplication$1.run()V+27
v  ~StubRoutines::call_stub

---------------  P R O C E S S  ---------------

Java Threads: ( => current thread )
  0x00000000002bc800 JavaThread "DestroyJavaVM" [_thread_blocked, id=1124, stack(0x0000000002950000,0x0000000002a50000)]
=>0x0000000006c8f000 JavaThread "LWJGL Application" [_thread_in_native, id=6520, stack(0x0000000009be0000,0x0000000009ce0000)]
  0x0000000006b71000 JavaThread "Low Memory Detector" daemon [_thread_blocked, id=3792, stack(0x00000000086a0000,0x00000000087a0000)]
  0x0000000006b6c000 JavaThread "C2 CompilerThread1" daemon [_thread_blocked, id=3060, stack(0x00000000085a0000,0x00000000086a0000)]
  0x0000000006b6a000 JavaThread "C2 CompilerThread0" daemon [_thread_blocked, id=4536, stack(0x00000000084a0000,0x00000000085a0000)]
  0x0000000006b59800 JavaThread "JDWP Command Reader" daemon [_thread_in_native, id=6828, stack(0x00000000083a0000,0x00000000084a0000)]
  0x0000000006b52800 JavaThread "JDWP Event Helper Thread" daemon [_thread_blocked, id=2748, stack(0x00000000082a0000,0x00000000083a0000)]
  0x0000000006b42000 JavaThread "JDWP Transport Listener: dt_socket" daemon [_thread_blocked, id=2212, stack(0x00000000081a0000,0x00000000082a0000)]
  0x0000000006b3c000 JavaThread "Attach Listener" daemon [_thread_blocked, id=5216, stack(0x0000000007930000,0x0000000007a30000)]
  0x0000000006b3b000 JavaThread "Signal Dispatcher" daemon [_thread_blocked, id=4436, stack(0x0000000007830000,0x0000000007930000)]
  0x0000000006ae9000 JavaThread "Finalizer" daemon [_thread_blocked, id=7340, stack(0x0000000007730000,0x0000000007830000)]
  0x0000000006ae2800 JavaThread "Reference Handler" daemon [_thread_blocked, id=6772, stack(0x0000000007630000,0x0000000007730000)]

Other Threads:
  0x0000000006ad9000 VMThread [stack: 0x0000000007530000,0x0000000007630000] [id=4640]
  0x0000000006b83800 WatcherThread [stack: 0x00000000087a0000,0x00000000088a0000] [id=8128]

VM state:not at safepoint (normal execution)

VM Mutex/Monitor currently owned by a thread: None

Heap
 PSYoungGen      total 37824K, used 12388K [0x00000007d5c00000, 0x00000007d8630000, 0x0000000800000000)
  eden space 32448K, 38% used [0x00000007d5c00000,0x00000007d68191c0,0x00000007d7bb0000)
  from space 5376K, 0% used [0x00000007d80f0000,0x00000007d80f0000,0x00000007d8630000)
  to   space 5376K, 0% used [0x00000007d7bb0000,0x00000007d7bb0000,0x00000007d80f0000)
 PSOldGen        total 86528K, used 0K [0x0000000781400000, 0x0000000786880000, 0x00000007d5c00000)
  object space 86528K, 0% used [0x0000000781400000,0x0000000781400000,0x0000000786880000)
 PSPermGen       total 21248K, used 8194K [0x000000077c200000, 0x000000077d6c0000, 0x0000000781400000)
  object space 21248K, 38% used [0x000000077c200000,0x000000077ca00868,0x000000077d6c0000)

Code Cache  [0x0000000002a50000, 0x0000000002cc0000, 0x0000000005a50000)
 total_blobs=400 nmethods=29 adapters=333 free_code_cache=49775872 largest_free_block=18368

Dynamic libraries:
0x0000000000400000 - 0x000000000042f000 	C:\Program Files\Java\jre6\bin\javaw.exe
0x0000000077a70000 - 0x0000000077c19000 	C:\Windows\SYSTEM32\ntdll.dll
0x0000000077850000 - 0x000000007796f000 	C:\Windows\system32\kernel32.dll
0x000007fefda20000 - 0x000007fefda8b000 	C:\Windows\system32\KERNELBASE.dll
0x000007feff480000 - 0x000007feff55b000 	C:\Windows\system32\ADVAPI32.dll
0x000007fefdd90000 - 0x000007fefde2f000 	C:\Windows\system32\msvcrt.dll
0x000007feff8a0000 - 0x000007feff8bf000 	C:\Windows\SYSTEM32\sechost.dll
0x000007feff8c0000 - 0x000007feff9ed000 	C:\Windows\system32\RPCRT4.dll
0x0000000077970000 - 0x0000000077a6a000 	C:\Windows\system32\USER32.dll
0x000007fefdc80000 - 0x000007fefdce7000 	C:\Windows\system32\GDI32.dll
0x000007feff890000 - 0x000007feff89e000 	C:\Windows\system32\LPK.dll
0x000007feff760000 - 0x000007feff829000 	C:\Windows\system32\USP10.dll
0x000007feff450000 - 0x000007feff47e000 	C:\Windows\system32\IMM32.DLL
0x000007fefe520000 - 0x000007fefe629000 	C:\Windows\system32\MSCTF.dll
0x000007fefd810000 - 0x000007fefd850000 	C:\Windows\system32\nvinitx.dll
0x000000000f000000 - 0x000000000f006000 	C:\Program Files\NVIDIA Corporation\CoProcManager\_etoured.dll
0x000007fef9a20000 - 0x000007fef9a74000 	C:\Program Files\NVIDIA Corporation\CoProcManager\nvd3d9wrapx.dll
0x000007fefde30000 - 0x000007fefe007000 	C:\Windows\system32\SETUPAPI.dll
0x000007fefdab0000 - 0x000007fefdae6000 	C:\Windows\system32\CFGMGR32.dll
0x000007feff9f0000 - 0x000007feffac7000 	C:\Windows\system32\OLEAUT32.dll
0x000007fefe310000 - 0x000007fefe513000 	C:\Windows\system32\ole32.dll
0x000007fefda90000 - 0x000007fefdaaa000 	C:\Windows\system32\DEVOBJ.dll
0x000007fef9930000 - 0x000007fef9973000 	C:\Program Files\NVIDIA Corporation\CoProcManager\nvdxgiwrapx.dll
0x000000006d800000 - 0x000000006dfb9000 	C:\Program Files\Java\jre6\bin\server\jvm.dll
0x000007fefb2f0000 - 0x000007fefb32b000 	C:\Windows\system32\WINMM.dll
0x000000006d770000 - 0x000000006d77e000 	C:\Program Files\Java\jre6\bin\verify.dll
0x000000006d3b0000 - 0x000000006d3d7000 	C:\Program Files\Java\jre6\bin\java.dll
0x000000006d420000 - 0x000000006d454000 	C:\Program Files\Java\jre6\bin\jdwp.dll
0x000000006d640000 - 0x000000006d648000 	C:\Program Files\Java\jre6\bin\npt.dll
0x000000006d7c0000 - 0x000000006d7d2000 	C:\Program Files\Java\jre6\bin\zip.dll
0x000000006d270000 - 0x000000006d279000 	C:\Program Files\Java\jre6\bin\dt_socket.dll
0x000007fefe2c0000 - 0x000007fefe30d000 	C:\Windows\system32\WS2_32.dll
0x000007feff440000 - 0x000007feff448000 	C:\Windows\system32\NSI.dll
0x000007fefb7d0000 - 0x000007fefb7e5000 	C:\Windows\system32\NLAapi.dll
0x000007fef2060000 - 0x000007fef2075000 	C:\Windows\system32\napinsp.dll
0x000007fef2040000 - 0x000007fef2059000 	C:\Windows\system32\pnrpnsp.dll
0x000007fef2030000 - 0x000007fef2040000 	C:\Windows\system32\wshbth.dll
0x0000000071f50000 - 0x0000000071f76000 	C:\Program Files\Bonjour\mdnsNSP.dll
0x000007fefb200000 - 0x000007fefb227000 	C:\Windows\system32\Iphlpapi.DLL
0x000007fefb1f0000 - 0x000007fefb1fb000 	C:\Windows\system32\WINNSI.DLL
0x0000000071f20000 - 0x0000000071f4e000 	C:\Program Files\Common Files\Microsoft Shared\Windows Live\WLIDNSP.DLL
0x0000000077c30000 - 0x0000000077c37000 	C:\Windows\system32\PSAPI.DLL
0x000007feffd00000 - 0x000007feffd71000 	C:\Windows\system32\SHLWAPI.dll
0x000007fefcd80000 - 0x000007fefcdd5000 	C:\Windows\System32\mswsock.dll
0x000007fefcc00000 - 0x000007fefcc5b000 	C:\Windows\system32\DNSAPI.dll
0x000007fef2020000 - 0x000007fef202b000 	C:\Windows\System32\winrnr.dll
0x000007fefb010000 - 0x000007fefb063000 	C:\Windows\System32\fwpuclnt.dll
0x000007fefd400000 - 0x000007fefd408000 	C:\Windows\system32\rasadhlp.dll
0x000007fefc250000 - 0x000007fefc257000 	C:\Windows\System32\wshtcpip.dll
0x0000000065580000 - 0x000000006560d000 	C:\Users\Javi\AppData\Local\Temp\libgdxJavi\123946040\gdx64.dll
0x0000000180000000 - 0x0000000180050000 	C:\Users\Javi\AppData\Local\Temp\libgdxJavi\27538956\lwjgl64.dll
0x000007fef2670000 - 0x000007fef278d000 	C:\Windows\system32\OPENGL32.dll
0x000007fef2640000 - 0x000007fef266d000 	C:\Windows\system32\GLU32.dll
0x000007fef2540000 - 0x000007fef2631000 	C:\Windows\system32\DDRAW.dll
0x000007fef5090000 - 0x000007fef5098000 	C:\Windows\system32\DCIMAN32.dll
0x000007fefaf60000 - 0x000007fefaf78000 	C:\Windows\system32\dwmapi.dll
0x000007fefc460000 - 0x000007fefc46c000 	C:\Windows\system32\VERSION.dll
0x000007fefd100000 - 0x000007fefd2f4000 	C:\Windows\WinSxS\amd64_microsoft.windows.common-controls_6595b64144ccf1df_6.0.7601.17514_none_fa396087175ac9ac\COMCTL32.dll
0x0000000001db0000 - 0x0000000001e12000 	C:\Users\Javi\AppData\Local\Temp\libgdxJavi\27538956\OpenAL64.dll
0x000007fefe6b0000 - 0x000007feff438000 	C:\Windows\system32\SHELL32.dll
0x000007fefd740000 - 0x000007fefd74f000 	C:\Windows\system32\CRYPTBASE.dll
0x000007fefb710000 - 0x000007fefb766000 	C:\Windows\system32\uxtheme.dll
0x000007feff6c0000 - 0x000007feff759000 	C:\Windows\system32\CLBCatQ.DLL
0x000007fefbd90000 - 0x000007fefbebc000 	C:\Windows\System32\PROPSYS.dll
0x00000000005c0000 - 0x00000000005f9000 	C:\Windows\system32\WINTRUST.dll
0x000007fefdb00000 - 0x000007fefdc6a000 	C:\Windows\system32\CRYPT32.dll
0x000007fefd8f0000 - 0x000007fefd8ff000 	C:\Windows\system32\MSASN1.dll
0x000007fef24b0000 - 0x000007fef2538000 	C:\Windows\system32\dsound.dll
0x000007fefbf10000 - 0x000007fefbf3c000 	C:\Windows\system32\POWRPROF.dll
0x000007fefbec0000 - 0x000007fefbf0b000 	C:\Windows\System32\MMDevApi.dll
0x000007fefb0f0000 - 0x000007fefb13f000 	C:\Windows\system32\AUDIOSES.DLL
0x0000000009ce0000 - 0x000000000aecb000 	C:\Windows\system32\ig4icd64.dll
0x000007fef9980000 - 0x000007fef9a1c000 	C:\Windows\system32\mscms.dll
0x000007fefc390000 - 0x000007fefc3ae000 	C:\Windows\system32\USERENV.dll
0x000007fefd850000 - 0x000007fefd85f000 	C:\Windows\system32\profapi.dll
0x000007fef1b80000 - 0x000007fef1bc2000 	C:\Windows\system32\icm32.dll
0x000007fefcde0000 - 0x000007fefcdf7000 	C:\Windows\system32\CRYPTSP.dll
0x000007fefcae0000 - 0x000007fefcb27000 	C:\Windows\system32\rsaenh.dll
0x000000006d610000 - 0x000000006d627000 	C:\Program Files\Java\jre6\bin\net.dll
0x000007fefcd70000 - 0x000007fefcd77000 	C:\Windows\System32\wship6.dll

VM Arguments:
jvm_args: -agentlib:jdwp=transport=dt_socket,suspend=y,address=localhost:20161 -Dfile.encoding=Cp1252 
java_command: com.perfectplay.org.Main
Launcher Type: SUN_STANDARD

Environment Variables:
JAVA_HOME=C:\Program Files\Java\jdk1.7.0_02
PATH=C:\Program Files (x86)\NVIDIA Corporation\PhysX\Common;C:\Program Files\Common Files\Microsoft Shared\Windows Live;C:\Windows\system32;C:\Windows;C:\Windows\System32\Wbem;C:\Windows\System32\WindowsPowerShell\v1.0\;C:\Program Files\Intel\WiFi\bin\;C:\Program Files\Common Files\Intel\WirelessCommon\;E:\Program Files\MATLAB\R2011b\bin;C:\Ant\bin;C:\Program Files\Microsoft\Web Platform Installer\;C:\Program Files (x86)\Microsoft ASP.NET\ASP.NET Web Pages\v1.0\;C:\Program Files (x86)\Windows Kits\8.0\Windows Performance Toolkit\;C:\Program Files\Microsoft SQL Server\110\Tools\Binn\;E:\Program Files\TortoiseSVN\bin;C:\Program Files\Common Files\Microsoft Shared\Windows Live;C:\Program Files\Intel\WiFi\bin\;C:\Program Files\Common Files\Intel\WirelessCommon\
USERNAME=Javi
OS=Windows_NT
PROCESSOR_IDENTIFIER=Intel64 Family 6 Model 42 Stepping 7, GenuineIntel



---------------  S Y S T E M  ---------------

OS: Windows 7 , 64 bit Build 7601 Service Pack 1

CPU:total 8 (4 cores per cpu, 2 threads per core) family 6 model 42 stepping 7, cmov, cx8, fxsr, mmx, sse, sse2, sse3, ssse3, sse4.1, sse4.2, popcnt, ht

Memory: 4k page, physical 8300720k(3883000k free), swap 16599580k(11686964k free)

vm_info: Java HotSpot(TM) 64-Bit Server VM (20.9-b04) for windows-amd64 JRE (1.6.0_34-b04), built on Jul 19 2012 00:49:04 by "java_re" with MS VC++ 8.0 (VS2005)

time: Thu Aug 08 12:21:17 2013
elapsed time: 44 seconds

