#
# A fatal error has been detected by the Java Runtime Environment:
#
#  EXCEPTION_ACCESS_VIOLATION (0xc0000005) at pc=0x000000006559e681, pid=6636, tid=6788
#
# JRE version: 6.0_34-b04
# Java VM: Java HotSpot(TM) 64-Bit Server VM (20.9-b04 mixed mode windows-amd64 compressed oops)
# Problematic frame:
# C  [gdx64.dll+0x1e681]
#
# If you would like to submit a bug report, please visit:
#   http://java.sun.com/webapps/bugreport/crash.jsp
# The crash happened outside the Java Virtual Machine in native code.
# See problematic frame for where to report the bug.
#

---------------  T H R E A D  ---------------

Current thread (0x0000000006ab1800):  JavaThread "LWJGL Application" [_thread_in_native, id=6788, stack(0x0000000009b30000,0x0000000009c30000)]

siginfo: ExceptionCode=0xc0000005, reading address 0x0000000000000010

Registers:
RAX=0x0000000000000000, RBX=0x0000000006b55200, RCX=0x00000000069f3e60, RDX=0x000000000e8de030
RSP=0x0000000009c2f220, RBP=0x0000000009c2f2e0, RSI=0x000000000e8de030, RDI=0x0000000009c2f2e0
R8 =0x0000000008c27e40, R9 =0x0000000009c2f2e0, R10=0x0000000000000155, R11=0x0000000000000001
R12=0x0000000000000000, R13=0x000000077c9b28b8, R14=0x0000000009c2f458, R15=0x0000000006ab1800
RIP=0x000000006559e681, EFLAGS=0x0000000000010202

Top of Stack: (sp=0x0000000009c2f220)
0x0000000009c2f220:   000000000e8de030 0000000000000003
0x0000000009c2f230:   0000000000000400 0000000009c2f248
0x0000000009c2f240:   0000000008c27e40 0000000008c27e40
0x0000000009c2f250:   000000000e8de030 0000000006b55200
0x0000000009c2f260:   0000000009c2f2e0 000000006559d719
0x0000000009c2f270:   0000000000000000 0000000000000000
0x0000000009c2f280:   0000000006ab1800 0000000009c2f458
0x0000000009c2f290:   000000077c9b28b8 000000077c9b28b8
0x0000000009c2f2a0:   000000077c5a7ab8 0000000002935bc2
0x0000000009c2f2b0:   0000000009c2f3e0 00000000655a6f91
0x0000000009c2f2c0:   0000000009c2f3e0 0000000006b8f4e0
0x0000000009c2f2d0:   0000000009c2f300 000000000294755f
0x0000000009c2f2e0:   00000000069f3e60 0000000000000000
0x0000000009c2f2f0:   3f0000003f000000 000100003f000000
0x0000000009c2f300:   000000070000ffff 0000000002935bc2
0x0000000009c2f310:   0000000002934ed0 00000000029479df 

Instructions: (pc=0x000000006559e681)
0x000000006559e661:   41 24 41 8b 41 1e 89 41 34 41 0f b7 41 22 66 89
0x000000006559e671:   41 38 41 0f b6 41 1c 88 41 3a 49 8b 09 48 8b 01
0x000000006559e681:   ff 50 10 48 8b 10 48 89 c1 48 89 43 18 ff 52 18
0x000000006559e691:   89 c2 89 c5 48 89 f1 c1 e2 05 e8 c0 c8 fe ff 85 


Register to memory mapping:

RAX=0x0000000000000000 is an unknown value
RBX=0x0000000006b55200 is an unknown value
RCX=0x00000000069f3e60 is an unknown value
RDX=0x000000000e8de030 is an unknown value
RSP=0x0000000009c2f220 is pointing into the stack for thread: 0x0000000006ab1800
RBP=0x0000000009c2f2e0 is pointing into the stack for thread: 0x0000000006ab1800
RSI=0x000000000e8de030 is an unknown value
RDI=0x0000000009c2f2e0 is pointing into the stack for thread: 0x0000000006ab1800
R8 =0x0000000008c27e40 is an unknown value
R9 =0x0000000009c2f2e0 is pointing into the stack for thread: 0x0000000006ab1800
R10=0x0000000000000155 is an unknown value
R11=0x0000000000000001 is an unknown value
R12=0x0000000000000000 is an unknown value
R13=0x000000077c9b28b8 is an oop
{method} 
 - klass: {other class}
R14=0x0000000009c2f458 is pointing into the stack for thread: 0x0000000006ab1800
R15=0x0000000006ab1800 is a thread


Stack: [0x0000000009b30000,0x0000000009c30000],  sp=0x0000000009c2f220,  free space=1020k
Native frames: (J=compiled Java code, j=interpreted, Vv=VM code, C=native code)
C  [gdx64.dll+0x1e681]

Java frames: (J=compiled Java code, j=interpreted, Vv=VM code)
j  com.badlogic.gdx.physics.box2d.Body.jniCreateFixture(JJFFFZSSS)J+0
j  com.badlogic.gdx.physics.box2d.Body.createFixture(Lcom/badlogic/gdx/physics/box2d/FixtureDef;)Lcom/badlogic/gdx/physics/box2d/Fixture;+49
j  com.perfectplay.org.components.RigidBody.addFixture(Lcom/badlogic/gdx/physics/box2d/FixtureDef;)V+5
j  com.perfectplay.org.serialization.RigidBodySerializer.read(Lcom/esotericsoftware/kryo/Kryo;Lcom/esotericsoftware/kryo/io/Input;Ljava/lang/Class;)Lcom/perfectplay/org/components/RigidBody;+52
j  com.perfectplay.org.serialization.RigidBodySerializer.read(Lcom/esotericsoftware/kryo/Kryo;Lcom/esotericsoftware/kryo/io/Input;Ljava/lang/Class;)Ljava/lang/Object;+7
j  com.esotericsoftware.kryo.Kryo.readClassAndObject(Lcom/esotericsoftware/kryo/io/Input;)Ljava/lang/Object;+125
j  com.perfectplay.org.serialization.LevelSerializer.read(Lcom/esotericsoftware/kryo/Kryo;Lcom/esotericsoftware/kryo/io/Input;Ljava/lang/Class;)Lcom/perfectplay/org/Level;+153
j  com.perfectplay.org.serialization.LevelSerializer.read(Lcom/esotericsoftware/kryo/Kryo;Lcom/esotericsoftware/kryo/io/Input;Ljava/lang/Class;)Ljava/lang/Object;+7
j  com.esotericsoftware.kryo.Kryo.readClassAndObject(Lcom/esotericsoftware/kryo/io/Input;)Ljava/lang/Object;+125
j  com.perfectplay.org.serialization.LevelSerializer.ReadLevel(Ljava/lang/String;)Lcom/perfectplay/org/Level;+21
j  com.perfectplay.org.Anastasius.create()V+109
j  com.badlogic.gdx.backends.lwjgl.LwjglApplication.mainLoop()V+24
j  com.badlogic.gdx.backends.lwjgl.LwjglApplication$1.run()V+27
v  ~StubRoutines::call_stub

---------------  P R O C E S S  ---------------

Java Threads: ( => current thread )
  0x000000000033c800 JavaThread "DestroyJavaVM" [_thread_blocked, id=6664, stack(0x0000000002830000,0x0000000002930000)]
=>0x0000000006ab1800 JavaThread "LWJGL Application" [_thread_in_native, id=6788, stack(0x0000000009b30000,0x0000000009c30000)]
  0x0000000006a4e000 JavaThread "Low Memory Detector" daemon [_thread_blocked, id=6768, stack(0x00000000086d0000,0x00000000087d0000)]
  0x0000000006a4a000 JavaThread "C2 CompilerThread1" daemon [_thread_blocked, id=6764, stack(0x00000000085d0000,0x00000000086d0000)]
  0x0000000006a46800 JavaThread "C2 CompilerThread0" daemon [_thread_blocked, id=6760, stack(0x00000000084d0000,0x00000000085d0000)]
  0x0000000006a40000 JavaThread "JDWP Command Reader" daemon [_thread_in_native, id=6748, stack(0x0000000008290000,0x0000000008390000)]
  0x0000000006a33000 JavaThread "JDWP Event Helper Thread" daemon [_thread_blocked, id=6744, stack(0x0000000008060000,0x0000000008160000)]
  0x0000000006a2d800 JavaThread "JDWP Transport Listener: dt_socket" daemon [_thread_blocked, id=6732, stack(0x0000000007e20000,0x0000000007f20000)]
  0x0000000006a20800 JavaThread "Attach Listener" daemon [_thread_blocked, id=6720, stack(0x0000000007810000,0x0000000007910000)]
  0x0000000006a1f800 JavaThread "Signal Dispatcher" daemon [_thread_blocked, id=6716, stack(0x0000000007710000,0x0000000007810000)]
  0x00000000069ce000 JavaThread "Finalizer" daemon [_thread_blocked, id=6708, stack(0x0000000007610000,0x0000000007710000)]
  0x00000000069c8000 JavaThread "Reference Handler" daemon [_thread_blocked, id=6704, stack(0x0000000007510000,0x0000000007610000)]

Other Threads:
  0x00000000069be800 VMThread [stack: 0x0000000007410000,0x0000000007510000] [id=6700]
  0x0000000006a69000 WatcherThread [stack: 0x00000000087d0000,0x00000000088d0000] [id=6772]

VM state:not at safepoint (normal execution)

VM Mutex/Monitor currently owned by a thread: None

Heap
 PSYoungGen      total 37824K, used 12395K [0x00000007d5c00000, 0x00000007d8630000, 0x0000000800000000)
  eden space 32448K, 38% used [0x00000007d5c00000,0x00000007d681ac30,0x00000007d7bb0000)
  from space 5376K, 0% used [0x00000007d80f0000,0x00000007d80f0000,0x00000007d8630000)
  to   space 5376K, 0% used [0x00000007d7bb0000,0x00000007d7bb0000,0x00000007d80f0000)
 PSOldGen        total 86528K, used 0K [0x0000000781400000, 0x0000000786880000, 0x00000007d5c00000)
  object space 86528K, 0% used [0x0000000781400000,0x0000000781400000,0x0000000786880000)
 PSPermGen       total 21248K, used 8198K [0x000000077c200000, 0x000000077d6c0000, 0x0000000781400000)
  object space 21248K, 38% used [0x000000077c200000,0x000000077ca01a30,0x000000077d6c0000)

Code Cache  [0x0000000002930000, 0x0000000002ba0000, 0x0000000005930000)
 total_blobs=400 nmethods=29 adapters=333 free_code_cache=49775744 largest_free_block=18368

Dynamic libraries:
0x0000000000400000 - 0x000000000042f000 	C:\Program Files\Java\jre6\bin\javaw.exe
0x0000000077570000 - 0x0000000077719000 	C:\Windows\SYSTEM32\ntdll.dll
0x0000000077350000 - 0x000000007746f000 	C:\Windows\system32\kernel32.dll
0x000007fefd710000 - 0x000007fefd77b000 	C:\Windows\system32\KERNELBASE.dll
0x000007feff220000 - 0x000007feff2fb000 	C:\Windows\system32\ADVAPI32.dll
0x000007fefecc0000 - 0x000007fefed5f000 	C:\Windows\system32\msvcrt.dll
0x000007fefed60000 - 0x000007fefed7f000 	C:\Windows\SYSTEM32\sechost.dll
0x000007fefeb90000 - 0x000007fefecbd000 	C:\Windows\system32\RPCRT4.dll
0x0000000077470000 - 0x000000007756a000 	C:\Windows\system32\USER32.dll
0x000007fefd820000 - 0x000007fefd887000 	C:\Windows\system32\GDI32.dll
0x000007feff080000 - 0x000007feff08e000 	C:\Windows\system32\LPK.dll
0x000007fefed80000 - 0x000007fefee49000 	C:\Windows\system32\USP10.dll
0x000007fefd9f0000 - 0x000007fefda1e000 	C:\Windows\system32\IMM32.DLL
0x000007feff090000 - 0x000007feff199000 	C:\Windows\system32\MSCTF.dll
0x000007fefd310000 - 0x000007fefd350000 	C:\Windows\system32\nvinitx.dll
0x000000000f000000 - 0x000000000f006000 	C:\Program Files\NVIDIA Corporation\CoProcManager\_etoured.dll
0x000007fef97e0000 - 0x000007fef9834000 	C:\Program Files\NVIDIA Corporation\CoProcManager\nvd3d9wrapx.dll
0x000007feff540000 - 0x000007feff717000 	C:\Windows\system32\SETUPAPI.dll
0x000007fefd670000 - 0x000007fefd6a6000 	C:\Windows\system32\CFGMGR32.dll
0x000007feff7a0000 - 0x000007feff877000 	C:\Windows\system32\OLEAUT32.dll
0x000007fefee70000 - 0x000007feff073000 	C:\Windows\system32\ole32.dll
0x000007fefd6c0000 - 0x000007fefd6da000 	C:\Windows\system32\DEVOBJ.dll
0x000007fef96e0000 - 0x000007fef9723000 	C:\Program Files\NVIDIA Corporation\CoProcManager\nvdxgiwrapx.dll
0x000000006d800000 - 0x000000006dfb9000 	C:\Program Files\Java\jre6\bin\server\jvm.dll
0x000007fefa9e0000 - 0x000007fefaa1b000 	C:\Windows\system32\WINMM.dll
0x000000006d770000 - 0x000000006d77e000 	C:\Program Files\Java\jre6\bin\verify.dll
0x000000006d3b0000 - 0x000000006d3d7000 	C:\Program Files\Java\jre6\bin\java.dll
0x000000006d420000 - 0x000000006d454000 	C:\Program Files\Java\jre6\bin\jdwp.dll
0x000000006d640000 - 0x000000006d648000 	C:\Program Files\Java\jre6\bin\npt.dll
0x000000006d7c0000 - 0x000000006d7d2000 	C:\Program Files\Java\jre6\bin\zip.dll
0x000000006d270000 - 0x000000006d279000 	C:\Program Files\Java\jre6\bin\dt_socket.dll
0x000007fefe7b0000 - 0x000007fefe7fd000 	C:\Windows\system32\WS2_32.dll
0x000007feff300000 - 0x000007feff308000 	C:\Windows\system32\NSI.dll
0x000007fefbec0000 - 0x000007fefbed5000 	C:\Windows\system32\NLAapi.dll
0x000007fef54c0000 - 0x000007fef54d5000 	C:\Windows\system32\napinsp.dll
0x000007fef54a0000 - 0x000007fef54b9000 	C:\Windows\system32\pnrpnsp.dll
0x000007fef5490000 - 0x000007fef54a0000 	C:\Windows\system32\wshbth.dll
0x0000000071a50000 - 0x0000000071a76000 	C:\Program Files\Bonjour\mdnsNSP.dll
0x000007fefbc50000 - 0x000007fefbc77000 	C:\Windows\system32\Iphlpapi.DLL
0x000007fefbc40000 - 0x000007fefbc4b000 	C:\Windows\system32\WINNSI.DLL
0x0000000071a20000 - 0x0000000071a4e000 	C:\Program Files\Common Files\Microsoft Shared\Windows Live\WLIDNSP.DLL
0x0000000077730000 - 0x0000000077737000 	C:\Windows\system32\PSAPI.DLL
0x000007feff720000 - 0x000007feff791000 	C:\Windows\system32\SHLWAPI.dll
0x000007fefcb80000 - 0x000007fefcbd5000 	C:\Windows\System32\mswsock.dll
0x000007fefca00000 - 0x000007fefca5b000 	C:\Windows\system32\DNSAPI.dll
0x000007fef5480000 - 0x000007fef548b000 	C:\Windows\System32\winrnr.dll
0x000007fefbad0000 - 0x000007fefbb23000 	C:\Windows\System32\fwpuclnt.dll
0x000007fef7390000 - 0x000007fef7398000 	C:\Windows\system32\rasadhlp.dll
0x000007fefc520000 - 0x000007fefc527000 	C:\Windows\System32\wshtcpip.dll
0x0000000065580000 - 0x000000006560d000 	C:\Users\Javi\AppData\Local\Temp\libgdxJavi\123946040\gdx64.dll
0x0000000180000000 - 0x0000000180050000 	C:\Users\Javi\AppData\Local\Temp\libgdxJavi\27538956\lwjgl64.dll
0x000007fef1800000 - 0x000007fef191d000 	C:\Windows\system32\OPENGL32.dll
0x000007fef17d0000 - 0x000007fef17fd000 	C:\Windows\system32\GLU32.dll
0x000007fef16d0000 - 0x000007fef17c1000 	C:\Windows\system32\DDRAW.dll
0x000007fef16c0000 - 0x000007fef16c8000 	C:\Windows\system32\DCIMAN32.dll
0x000007fefa750000 - 0x000007fefa768000 	C:\Windows\system32\dwmapi.dll
0x000007fefc450000 - 0x000007fefc45c000 	C:\Windows\system32\VERSION.dll
0x000007fefb010000 - 0x000007fefb204000 	C:\Windows\WinSxS\amd64_microsoft.windows.common-controls_6595b64144ccf1df_6.0.7601.17514_none_fa396087175ac9ac\COMCTL32.dll
0x0000000006910000 - 0x0000000006972000 	C:\Users\Javi\AppData\Local\Temp\libgdxJavi\27538956\OpenAL64.dll
0x000007fefda20000 - 0x000007fefe7a8000 	C:\Windows\system32\SHELL32.dll
0x000007fefd240000 - 0x000007fefd24f000 	C:\Windows\system32\CRYPTBASE.dll
0x000007fefad40000 - 0x000007fefad96000 	C:\Windows\system32\uxtheme.dll
0x000007fefeaf0000 - 0x000007fefeb89000 	C:\Windows\system32\CLBCatQ.DLL
0x000007fefc020000 - 0x000007fefc14c000 	C:\Windows\System32\PROPSYS.dll
0x000007fefd410000 - 0x000007fefd449000 	C:\Windows\system32\WINTRUST.dll
0x000007fefd450000 - 0x000007fefd5ba000 	C:\Windows\system32\CRYPT32.dll
0x000007fefd3f0000 - 0x000007fefd3ff000 	C:\Windows\system32\MSASN1.dll
0x000007fef1630000 - 0x000007fef16b8000 	C:\Windows\system32\dsound.dll
0x000007fefc1d0000 - 0x000007fefc1fc000 	C:\Windows\system32\POWRPROF.dll
0x000007fefc180000 - 0x000007fefc1cb000 	C:\Windows\System32\MMDevApi.dll
0x000007fefa6f0000 - 0x000007fefa73f000 	C:\Windows\system32\AUDIOSES.DLL
0x0000000009c30000 - 0x000000000ae1b000 	C:\Windows\system32\ig4icd64.dll
0x000007fef9740000 - 0x000007fef97dc000 	C:\Windows\system32\mscms.dll
0x000007fefc650000 - 0x000007fefc66e000 	C:\Windows\system32\USERENV.dll
0x000007fefd350000 - 0x000007fefd35f000 	C:\Windows\system32\profapi.dll
0x000007feee9b0000 - 0x000007feee9f2000 	C:\Windows\system32\icm32.dll
0x000007fefcbe0000 - 0x000007fefcbf7000 	C:\Windows\system32\CRYPTSP.dll
0x000007fefc8e0000 - 0x000007fefc927000 	C:\Windows\system32\rsaenh.dll
0x000000006d610000 - 0x000000006d627000 	C:\Program Files\Java\jre6\bin\net.dll
0x000007fefcb70000 - 0x000007fefcb77000 	C:\Windows\System32\wship6.dll

VM Arguments:
jvm_args: -agentlib:jdwp=transport=dt_socket,suspend=y,address=localhost:2177 -Dfile.encoding=Cp1252 
java_command: com.perfectplay.org.Main
Launcher Type: SUN_STANDARD

Environment Variables:
JAVA_HOME=C:\Program Files\Java\jdk1.7.0_02
PATH=C:\Program Files (x86)\NVIDIA Corporation\PhysX\Common;C:\Program Files\Common Files\Microsoft Shared\Windows Live;C:\Windows\system32;C:\Windows;C:\Windows\System32\Wbem;C:\Windows\System32\WindowsPowerShell\v1.0\;C:\Program Files\Intel\WiFi\bin\;C:\Program Files\Common Files\Intel\WirelessCommon\;E:\Program Files\MATLAB\R2011b\bin;C:\Ant\bin;C:\Program Files\Microsoft\Web Platform Installer\;C:\Program Files (x86)\Microsoft ASP.NET\ASP.NET Web Pages\v1.0\;C:\Program Files (x86)\Windows Kits\8.0\Windows Performance Toolkit\;C:\Program Files\Microsoft SQL Server\110\Tools\Binn\;E:\Program Files\TortoiseSVN\bin;C:\Program Files\Common Files\Microsoft Shared\Windows Live;C:\Program Files\Intel\WiFi\bin\;C:\Program Files\Common Files\Intel\WirelessCommon\
USERNAME=Javi
OS=Windows_NT
PROCESSOR_IDENTIFIER=Intel64 Family 6 Model 42 Stepping 7, GenuineIntel



---------------  S Y S T E M  ---------------

OS: Windows 7 , 64 bit Build 7601 Service Pack 1

CPU:total 8 (4 cores per cpu, 2 threads per core) family 6 model 42 stepping 7, cmov, cx8, fxsr, mmx, sse, sse2, sse3, ssse3, sse4.1, sse4.2, popcnt, ht

Memory: 4k page, physical 8300720k(5303444k free), swap 16599580k(13085960k free)

vm_info: Java HotSpot(TM) 64-Bit Server VM (20.9-b04) for windows-amd64 JRE (1.6.0_34-b04), built on Jul 19 2012 00:49:04 by "java_re" with MS VC++ 8.0 (VS2005)

time: Thu Aug 08 13:18:27 2013
elapsed time: 114 seconds

